2025-11-13 10:50:14.842 [main] INFO  c.t.o.PipelineOrchestratorApplicationTests - Starting PipelineOrchestratorApplicationTests using Java 17.0.16 with PID 5448 (started by Admin in D:\vibe\flow-forge-v1 - before suites - with branch - latest)
2025-11-13 10:50:14.845 [main] DEBUG c.t.o.PipelineOrchestratorApplicationTests - Running with Spring Boot v3.2.0, Spring v6.1.1
2025-11-13 10:50:14.847 [main] INFO  c.t.o.PipelineOrchestratorApplicationTests - The following 1 profile is active: "test"
2025-11-13 10:50:14.933 [main] DEBUG o.s.w.c.s.GenericWebApplicationContext - Refreshing org.springframework.web.context.support.GenericWebApplicationContext@6124287a
2025-11-13 10:50:22.348 [main] WARN  org.hibernate.orm.deprecation - HHH90000025: H2Dialect does not need to be specified explicitly using 'hibernate.dialect' (remove the property setting and it will be selected by default)
2025-11-13 10:50:24.420 [main] DEBUG org.hibernate.SQL - 
    drop table if exists applications cascade 
2025-11-13 10:50:24.424 [main] DEBUG org.hibernate.SQL - 
    drop table if exists flow_executions cascade 
2025-11-13 10:50:24.424 [main] DEBUG org.hibernate.SQL - 
    drop table if exists flow_steps cascade 
2025-11-13 10:50:24.425 [main] DEBUG org.hibernate.SQL - 
    drop table if exists flows cascade 
2025-11-13 10:50:24.425 [main] DEBUG org.hibernate.SQL - 
    drop table if exists pipeline_executions cascade 
2025-11-13 10:50:24.426 [main] DEBUG org.hibernate.SQL - 
    drop table if exists test_data cascade 
2025-11-13 10:50:24.433 [main] DEBUG org.hibernate.SQL - 
    create table applications (
        created_at timestamp(6) not null,
        id bigint generated by default as identity,
        updated_at timestamp(6) not null,
        application_description varchar(255) not null,
        application_name varchar(255) not null,
        gitlab_project_id varchar(255) not null,
        personal_access_token varchar(255) not null,
        project_name varchar(255),
        project_url varchar(255),
        token_status varchar(255) not null check (token_status in ('ACTIVE','EXPIRED','INVALID')),
        primary key (id)
    )
2025-11-13 10:50:24.452 [main] DEBUG org.hibernate.SQL - 
    create table flow_executions (
        created_at timestamp(6) not null,
        end_time timestamp(6),
        flow_id bigint not null,
        start_time timestamp(6),
        id uuid not null,
        status varchar(255) check (status in ('RUNNING','PASSED','FAILED','CANCELLED','SCHEDULED','IN_PROGRESS')),
        runtime_variables json,
        primary key (id)
    )
2025-11-13 10:50:24.455 [main] DEBUG org.hibernate.SQL - 
    create table flow_steps (
        application_id bigint not null,
        created_at timestamp(6) not null,
        id bigint generated by default as identity,
        updated_at timestamp(6) not null,
        branch varchar(255) not null,
        description varchar(255),
        scheduler_type varchar(255),
        test_stage varchar(255) not null,
        test_tag varchar(255) not null,
        timer_days varchar(255),
        timer_hours varchar(255),
        timer_minutes varchar(255),
        squash_step_ids json,
        test_data_ids json,
        primary key (id)
    )
2025-11-13 10:50:24.457 [main] DEBUG org.hibernate.SQL - 
    create table flows (
        created_at timestamp(6) not null,
        id bigint generated by default as identity,
        squash_test_case_id bigint not null,
        updated_at timestamp(6) not null,
        squash_test_case varchar(255) not null,
        flow_step_ids json not null,
        primary key (id)
    )
2025-11-13 10:50:24.460 [main] DEBUG org.hibernate.SQL - 
    create table pipeline_executions (
        is_replay boolean not null,
        created_at timestamp(6) not null,
        end_time timestamp(6),
        flow_id bigint not null,
        flow_step_id bigint not null,
        id bigint generated by default as identity,
        pipeline_id bigint,
        resume_time timestamp(6),
        start_time timestamp(6),
        flow_execution_id uuid not null,
        original_flow_execution_id uuid,
        pipeline_url varchar(255),
        status varchar(255) check (status in ('RUNNING','PASSED','FAILED','CANCELLED','SCHEDULED','IN_PROGRESS')),
        configured_test_data json,
        runtime_test_data json,
        primary key (id)
    )
2025-11-13 10:50:24.464 [main] DEBUG org.hibernate.SQL - 
    create table test_data (
        application_id bigint,
        created_at timestamp(6) not null,
        data_id bigint generated by default as identity,
        updated_at timestamp(6) not null,
        application_name varchar(255) not null,
        category varchar(255) not null,
        description varchar(255),
        variables json not null,
        primary key (data_id)
    )
2025-11-13 10:50:29.341 [main] DEBUG o.s.w.s.s.s.WebSocketHandlerMapping - Patterns [/ws/flow-logs/{flowExecutionUUID}] in 'webSocketHandlerMapping'
2025-11-13 10:50:30.236 [main] WARN  o.s.b.a.o.j.JpaBaseConfiguration$JpaWebConfiguration - spring.jpa.open-in-view is enabled by default. Therefore, database queries may be performed during view rendering. Explicitly configure spring.jpa.open-in-view to disable this warning
2025-11-13 10:50:30.506 [main] DEBUG o.s.w.s.m.m.a.RequestMappingHandlerMapping - 44 mappings in 'requestMappingHandlerMapping'
2025-11-13 10:50:30.841 [main] DEBUG o.s.w.s.h.SimpleUrlHandlerMapping - Patterns [/webjars/**, /**, /swagger-ui*/*swagger-initializer.js, /swagger-ui*/**] in 'resourceHandlerMapping'
2025-11-13 10:50:30.987 [main] DEBUG o.s.w.s.m.m.a.RequestMappingHandlerAdapter - ControllerAdvice beans: 0 @ModelAttribute, 0 @InitBinder, 1 RequestBodyAdvice, 1 ResponseBodyAdvice
2025-11-13 10:50:31.203 [main] DEBUG o.s.w.s.m.m.a.ExceptionHandlerExceptionResolver - ControllerAdvice beans: 2 @ExceptionHandler, 1 ResponseBodyAdvice
2025-11-13 10:50:33.522 [main] INFO  c.t.o.PipelineOrchestratorApplicationTests - Started PipelineOrchestratorApplicationTests in 19.389 seconds (process running for 21.918)
2025-11-13 10:50:33.615 [scheduling-1] DEBUG c.t.o.service.SchedulingService - Checking for scheduled pipeline executions ready to resume...
2025-11-13 10:50:33.869 [scheduling-1] DEBUG org.hibernate.SQL - 
    select
        pe1_0.id,
        pe1_0.configured_test_data,
        pe1_0.created_at,
        pe1_0.end_time,
        pe1_0.flow_execution_id,
        pe1_0.flow_id,
        pe1_0.flow_step_id,
        pe1_0.is_replay,
        pe1_0.original_flow_execution_id,
        pe1_0.pipeline_id,
        pe1_0.pipeline_url,
        pe1_0.resume_time,
        pe1_0.runtime_test_data,
        pe1_0.start_time,
        pe1_0.status 
    from
        pipeline_executions pe1_0 
    where
        pe1_0.status=? 
        and pe1_0.resume_time<?
2025-11-13 10:50:33.946 [scheduling-1] INFO  c.t.o.service.SchedulingService - Found 0 scheduled executions ready to resume
2025-11-13 10:50:35.320 [main] DEBUG c.t.o.util.OutputEnvParser - Parsed variable: KEY1=value1
2025-11-13 10:50:35.321 [main] DEBUG c.t.o.util.OutputEnvParser - Parsed variable: KEY2=value2
2025-11-13 10:50:35.321 [main] INFO  c.t.o.util.OutputEnvParser - Successfully parsed 2 variables from output.env
2025-11-13 10:50:35.357 [main] DEBUG c.t.o.util.OutputEnvParser - Merged 2 new variables with 2 existing variables
2025-11-13 10:50:35.364 [main] DEBUG c.t.o.util.OutputEnvParser - Parsed variable: KEY1=value1
2025-11-13 10:50:35.364 [main] DEBUG c.t.o.util.OutputEnvParser - Parsed variable: KEY2=value2
2025-11-13 10:50:35.365 [main] INFO  c.t.o.util.OutputEnvParser - Successfully parsed 2 variables from output.env
2025-11-13 10:50:35.370 [main] DEBUG c.t.o.util.OutputEnvParser - Parsed variable: KEY1=quoted value
2025-11-13 10:50:35.372 [main] DEBUG c.t.o.util.OutputEnvParser - Parsed variable: KEY2=single quoted
2025-11-13 10:50:35.372 [main] INFO  c.t.o.util.OutputEnvParser - Successfully parsed 2 variables from output.env
2025-11-13 10:50:35.381 [main] DEBUG c.t.o.util.OutputEnvParser - Parsed variable: KEY1=value1
2025-11-13 10:50:35.381 [main] DEBUG c.t.o.util.OutputEnvParser - Parsed variable: KEY2=value2
2025-11-13 10:50:35.402 [main] INFO  c.t.o.util.OutputEnvParser - Successfully parsed 2 variables from output.env
2025-11-13 10:50:35.514 [SpringApplicationShutdownHook] DEBUG o.s.w.c.s.GenericWebApplicationContext - Closing org.springframework.web.context.support.GenericWebApplicationContext@6124287a, started on Thu Nov 13 10:50:14 IST 2025
2025-11-13 10:50:35.555 [SpringApplicationShutdownHook] DEBUG org.hibernate.SQL - 
    drop table if exists applications cascade 
2025-11-13 10:50:35.560 [SpringApplicationShutdownHook] DEBUG org.hibernate.SQL - 
    drop table if exists flow_executions cascade 
2025-11-13 10:50:35.562 [SpringApplicationShutdownHook] DEBUG org.hibernate.SQL - 
    drop table if exists flow_steps cascade 
2025-11-13 10:50:35.565 [SpringApplicationShutdownHook] DEBUG org.hibernate.SQL - 
    drop table if exists flows cascade 
2025-11-13 10:50:35.567 [SpringApplicationShutdownHook] DEBUG org.hibernate.SQL - 
    drop table if exists pipeline_executions cascade 
2025-11-13 10:50:35.569 [SpringApplicationShutdownHook] DEBUG org.hibernate.SQL - 
    drop table if exists test_data cascade 
2025-11-13 10:52:50.984 [main] INFO  c.t.o.controller.FlowControllerTest - Starting FlowControllerTest using Java 17.0.16 with PID 5972 (started by Admin in D:\vibe\flow-forge-v1 - before suites - with branch - latest)
2025-11-13 10:52:50.986 [main] DEBUG c.t.o.controller.FlowControllerTest - Running with Spring Boot v3.2.0, Spring v6.1.1
2025-11-13 10:52:50.989 [main] INFO  c.t.o.controller.FlowControllerTest - The following 1 profile is active: "local"
2025-11-13 10:52:57.710 [main] INFO  c.t.o.controller.FlowControllerTest - Started FlowControllerTest in 7.729 seconds (process running for 9.721)
2025-11-13 10:52:58.064 [main] DEBUG c.t.o.controller.FlowController - Fetching combined flows with squashTestCaseId filter: null, page: 0, size: 10, sortBy: id, sortDirection: ASC
2025-11-13 10:52:58.249 [main] ERROR c.t.o.e.GlobalExceptionHandler - RuntimeException: Could not write JSON: (was java.lang.UnsupportedOperationException)
org.springframework.http.converter.HttpMessageNotWritableException: Could not write JSON: (was java.lang.UnsupportedOperationException)
	at org.springframework.http.converter.json.AbstractJackson2HttpMessageConverter.writeInternal(AbstractJackson2HttpMessageConverter.java:492)
	at org.springframework.http.converter.AbstractGenericHttpMessageConverter.write(AbstractGenericHttpMessageConverter.java:114)
	at org.springframework.web.servlet.mvc.method.annotation.AbstractMessageConverterMethodProcessor.writeWithMessageConverters(AbstractMessageConverterMethodProcessor.java:297)
	at org.springframework.web.servlet.mvc.method.annotation.HttpEntityMethodProcessor.handleReturnValue(HttpEntityMethodProcessor.java:245)
	at org.springframework.web.method.support.HandlerMethodReturnValueHandlerComposite.handleReturnValue(HandlerMethodReturnValueHandlerComposite.java:78)
	at org.springframework.web.servlet.mvc.method.annotation.ServletInvocableHandlerMethod.invokeAndHandle(ServletInvocableHandlerMethod.java:136)
	at org.springframework.web.servlet.mvc.method.annotation.RequestMappingHandlerAdapter.invokeHandlerMethod(RequestMappingHandlerAdapter.java:917)
	at org.springframework.web.servlet.mvc.method.annotation.RequestMappingHandlerAdapter.handleInternal(RequestMappingHandlerAdapter.java:829)
	at org.springframework.web.servlet.mvc.method.AbstractHandlerMethodAdapter.handle(AbstractHandlerMethodAdapter.java:87)
	at org.springframework.web.servlet.DispatcherServlet.doDispatch(DispatcherServlet.java:1089)
	at org.springframework.web.servlet.DispatcherServlet.doService(DispatcherServlet.java:979)
	at org.springframework.web.servlet.FrameworkServlet.processRequest(FrameworkServlet.java:1014)
	at org.springframework.web.servlet.FrameworkServlet.doGet(FrameworkServlet.java:903)
	at jakarta.servlet.http.HttpServlet.service(HttpServlet.java:564)
	at org.springframework.web.servlet.FrameworkServlet.service(FrameworkServlet.java:885)
	at org.springframework.test.web.servlet.TestDispatcherServlet.service(TestDispatcherServlet.java:72)
	at jakarta.servlet.http.HttpServlet.service(HttpServlet.java:658)
	at org.springframework.mock.web.MockFilterChain$ServletFilterProxy.doFilter(MockFilterChain.java:165)
	at org.springframework.mock.web.MockFilterChain.doFilter(MockFilterChain.java:132)
	at org.springframework.web.filter.RequestContextFilter.doFilterInternal(RequestContextFilter.java:100)
	at org.springframework.web.filter.OncePerRequestFilter.doFilter(OncePerRequestFilter.java:116)
	at org.springframework.test.web.servlet.setup.MockMvcFilterDecorator.doFilter(MockMvcFilterDecorator.java:151)
	at org.springframework.mock.web.MockFilterChain.doFilter(MockFilterChain.java:132)
	at org.springframework.web.filter.FormContentFilter.doFilterInternal(FormContentFilter.java:93)
	at org.springframework.web.filter.OncePerRequestFilter.doFilter(OncePerRequestFilter.java:116)
	at org.springframework.test.web.servlet.setup.MockMvcFilterDecorator.doFilter(MockMvcFilterDecorator.java:151)
	at org.springframework.mock.web.MockFilterChain.doFilter(MockFilterChain.java:132)
	at org.springframework.web.filter.CharacterEncodingFilter.doFilterInternal(CharacterEncodingFilter.java:201)
	at org.springframework.web.filter.OncePerRequestFilter.doFilter(OncePerRequestFilter.java:116)
	at org.springframework.test.web.servlet.setup.MockMvcFilterDecorator.doFilter(MockMvcFilterDecorator.java:151)
	at org.springframework.mock.web.MockFilterChain.doFilter(MockFilterChain.java:132)
	at org.springframework.test.web.servlet.MockMvc.perform(MockMvc.java:201)
	at com.testautomation.orchestrator.controller.FlowControllerTest.testGetAllFlowsWithCustomSorting(FlowControllerTest.java:57)
	at java.base/jdk.internal.reflect.NativeMethodAccessorImpl.invoke0(Native Method)
	at java.base/jdk.internal.reflect.NativeMethodAccessorImpl.invoke(NativeMethodAccessorImpl.java:77)
	at java.base/jdk.internal.reflect.DelegatingMethodAccessorImpl.invoke(DelegatingMethodAccessorImpl.java:43)
	at java.base/java.lang.reflect.Method.invoke(Method.java:569)
	at org.junit.platform.commons.util.ReflectionUtils.invokeMethod(ReflectionUtils.java:728)
	at org.junit.jupiter.engine.execution.MethodInvocation.proceed(MethodInvocation.java:60)
	at org.junit.jupiter.engine.execution.InvocationInterceptorChain$ValidatingInvocation.proceed(InvocationInterceptorChain.java:131)
	at org.junit.jupiter.engine.extension.TimeoutExtension.intercept(TimeoutExtension.java:156)
	at org.junit.jupiter.engine.extension.TimeoutExtension.interceptTestableMethod(TimeoutExtension.java:147)
	at org.junit.jupiter.engine.extension.TimeoutExtension.interceptTestMethod(TimeoutExtension.java:86)
	at org.junit.jupiter.engine.execution.InterceptingExecutableInvoker$ReflectiveInterceptorCall.lambda$ofVoidMethod$0(InterceptingExecutableInvoker.java:103)
	at org.junit.jupiter.engine.execution.InterceptingExecutableInvoker.lambda$invoke$0(InterceptingExecutableInvoker.java:93)
	at org.junit.jupiter.engine.execution.InvocationInterceptorChain$InterceptedInvocation.proceed(InvocationInterceptorChain.java:106)
	at org.junit.jupiter.engine.execution.InvocationInterceptorChain.proceed(InvocationInterceptorChain.java:64)
	at org.junit.jupiter.engine.execution.InvocationInterceptorChain.chainAndInvoke(InvocationInterceptorChain.java:45)
	at org.junit.jupiter.engine.execution.InvocationInterceptorChain.invoke(InvocationInterceptorChain.java:37)
	at org.junit.jupiter.engine.execution.InterceptingExecutableInvoker.invoke(InterceptingExecutableInvoker.java:92)
	at org.junit.jupiter.engine.execution.InterceptingExecutableInvoker.invoke(InterceptingExecutableInvoker.java:86)
	at org.junit.jupiter.engine.descriptor.TestMethodTestDescriptor.lambda$invokeTestMethod$7(TestMethodTestDescriptor.java:218)
	at org.junit.platform.engine.support.hierarchical.ThrowableCollector.execute(ThrowableCollector.java:73)
	at org.junit.jupiter.engine.descriptor.TestMethodTestDescriptor.invokeTestMethod(TestMethodTestDescriptor.java:214)
	at org.junit.jupiter.engine.descriptor.TestMethodTestDescriptor.execute(TestMethodTestDescriptor.java:139)
	at org.junit.jupiter.engine.descriptor.TestMethodTestDescriptor.execute(TestMethodTestDescriptor.java:69)
	at org.junit.platform.engine.support.hierarchical.NodeTestTask.lambda$executeRecursively$6(NodeTestTask.java:151)
	at org.junit.platform.engine.support.hierarchical.ThrowableCollector.execute(ThrowableCollector.java:73)
	at org.junit.platform.engine.support.hierarchical.NodeTestTask.lambda$executeRecursively$8(NodeTestTask.java:141)
	at org.junit.platform.engine.support.hierarchical.Node.around(Node.java:137)
	at org.junit.platform.engine.support.hierarchical.NodeTestTask.lambda$executeRecursively$9(NodeTestTask.java:139)
	at org.junit.platform.engine.support.hierarchical.ThrowableCollector.execute(ThrowableCollector.java:73)
	at org.junit.platform.engine.support.hierarchical.NodeTestTask.executeRecursively(NodeTestTask.java:138)
	at org.junit.platform.engine.support.hierarchical.NodeTestTask.execute(NodeTestTask.java:95)
	at java.base/java.util.ArrayList.forEach(ArrayList.java:1511)
	at org.junit.platform.engine.support.hierarchical.SameThreadHierarchicalTestExecutorService.invokeAll(SameThreadHierarchicalTestExecutorService.java:41)
	at org.junit.platform.engine.support.hierarchical.NodeTestTask.lambda$executeRecursively$6(NodeTestTask.java:155)
	at org.junit.platform.engine.support.hierarchical.ThrowableCollector.execute(ThrowableCollector.java:73)
	at org.junit.platform.engine.support.hierarchical.NodeTestTask.lambda$executeRecursively$8(NodeTestTask.java:141)
	at org.junit.platform.engine.support.hierarchical.Node.around(Node.java:137)
	at org.junit.platform.engine.support.hierarchical.NodeTestTask.lambda$executeRecursively$9(NodeTestTask.java:139)
	at org.junit.platform.engine.support.hierarchical.ThrowableCollector.execute(ThrowableCollector.java:73)
	at org.junit.platform.engine.support.hierarchical.NodeTestTask.executeRecursively(NodeTestTask.java:138)
	at org.junit.platform.engine.support.hierarchical.NodeTestTask.execute(NodeTestTask.java:95)
	at java.base/java.util.ArrayList.forEach(ArrayList.java:1511)
	at org.junit.platform.engine.support.hierarchical.SameThreadHierarchicalTestExecutorService.invokeAll(SameThreadHierarchicalTestExecutorService.java:41)
	at org.junit.platform.engine.support.hierarchical.NodeTestTask.lambda$executeRecursively$6(NodeTestTask.java:155)
	at org.junit.platform.engine.support.hierarchical.ThrowableCollector.execute(ThrowableCollector.java:73)
	at org.junit.platform.engine.support.hierarchical.NodeTestTask.lambda$executeRecursively$8(NodeTestTask.java:141)
	at org.junit.platform.engine.support.hierarchical.Node.around(Node.java:137)
	at org.junit.platform.engine.support.hierarchical.NodeTestTask.lambda$executeRecursively$9(NodeTestTask.java:139)
	at org.junit.platform.engine.support.hierarchical.ThrowableCollector.execute(ThrowableCollector.java:73)
	at org.junit.platform.engine.support.hierarchical.NodeTestTask.executeRecursively(NodeTestTask.java:138)
	at org.junit.platform.engine.support.hierarchical.NodeTestTask.execute(NodeTestTask.java:95)
	at org.junit.platform.engine.support.hierarchical.SameThreadHierarchicalTestExecutorService.submit(SameThreadHierarchicalTestExecutorService.java:35)
	at org.junit.platform.engine.support.hierarchical.HierarchicalTestExecutor.execute(HierarchicalTestExecutor.java:57)
	at org.junit.platform.engine.support.hierarchical.HierarchicalTestEngine.execute(HierarchicalTestEngine.java:54)
	at org.junit.platform.launcher.core.EngineExecutionOrchestrator.execute(EngineExecutionOrchestrator.java:198)
	at org.junit.platform.launcher.core.EngineExecutionOrchestrator.execute(EngineExecutionOrchestrator.java:169)
	at org.junit.platform.launcher.core.EngineExecutionOrchestrator.execute(EngineExecutionOrchestrator.java:93)
	at org.junit.platform.launcher.core.EngineExecutionOrchestrator.lambda$execute$0(EngineExecutionOrchestrator.java:58)
	at org.junit.platform.launcher.core.EngineExecutionOrchestrator.withInterceptedStreams(EngineExecutionOrchestrator.java:141)
	at org.junit.platform.launcher.core.EngineExecutionOrchestrator.execute(EngineExecutionOrchestrator.java:57)
	at org.junit.platform.launcher.core.DefaultLauncher.execute(DefaultLauncher.java:103)
	at org.junit.platform.launcher.core.DefaultLauncher.execute(DefaultLauncher.java:85)
	at org.junit.platform.launcher.core.DelegatingLauncher.execute(DelegatingLauncher.java:47)
	at org.apache.maven.surefire.junitplatform.LazyLauncher.execute(LazyLauncher.java:56)
	at org.apache.maven.surefire.junitplatform.JUnitPlatformProvider.execute(JUnitPlatformProvider.java:184)
	at org.apache.maven.surefire.junitplatform.JUnitPlatformProvider.invokeAllTests(JUnitPlatformProvider.java:148)
	at org.apache.maven.surefire.junitplatform.JUnitPlatformProvider.invoke(JUnitPlatformProvider.java:122)
	at org.apache.maven.surefire.booter.ForkedBooter.runSuitesInProcess(ForkedBooter.java:385)
	at org.apache.maven.surefire.booter.ForkedBooter.execute(ForkedBooter.java:162)
	at org.apache.maven.surefire.booter.ForkedBooter.run(ForkedBooter.java:507)
	at org.apache.maven.surefire.booter.ForkedBooter.main(ForkedBooter.java:495)
Caused by: com.fasterxml.jackson.databind.JsonMappingException: (was java.lang.UnsupportedOperationException) (through reference chain: org.springframework.data.domain.PageImpl["pageable"]->org.springframework.data.domain.Unpaged["offset"])
	at com.fasterxml.jackson.databind.JsonMappingException.wrapWithPath(JsonMappingException.java:402)
	at com.fasterxml.jackson.databind.JsonMappingException.wrapWithPath(JsonMappingException.java:361)
	at com.fasterxml.jackson.databind.ser.std.StdSerializer.wrapAndThrow(StdSerializer.java:323)
	at com.fasterxml.jackson.databind.ser.std.BeanSerializerBase.serializeFields(BeanSerializerBase.java:780)
	at com.fasterxml.jackson.databind.ser.BeanSerializer.serialize(BeanSerializer.java:178)
	at com.fasterxml.jackson.databind.ser.BeanPropertyWriter.serializeAsField(BeanPropertyWriter.java:732)
	at com.fasterxml.jackson.databind.ser.std.BeanSerializerBase.serializeFields(BeanSerializerBase.java:772)
	at com.fasterxml.jackson.databind.ser.BeanSerializer.serialize(BeanSerializer.java:178)
	at com.fasterxml.jackson.databind.ser.DefaultSerializerProvider._serialize(DefaultSerializerProvider.java:479)
	at com.fasterxml.jackson.databind.ser.DefaultSerializerProvider.serializeValue(DefaultSerializerProvider.java:318)
	at com.fasterxml.jackson.databind.ObjectWriter$Prefetch.serialize(ObjectWriter.java:1572)
	at com.fasterxml.jackson.databind.ObjectWriter.writeValue(ObjectWriter.java:1061)
	at org.springframework.http.converter.json.AbstractJackson2HttpMessageConverter.writeInternal(AbstractJackson2HttpMessageConverter.java:483)
	... 103 common frames omitted
Caused by: java.lang.UnsupportedOperationException: null
	at org.springframework.data.domain.Unpaged.getOffset(Unpaged.java:75)
	at java.base/jdk.internal.reflect.NativeMethodAccessorImpl.invoke0(Native Method)
	at java.base/jdk.internal.reflect.NativeMethodAccessorImpl.invoke(NativeMethodAccessorImpl.java:77)
	at java.base/jdk.internal.reflect.DelegatingMethodAccessorImpl.invoke(DelegatingMethodAccessorImpl.java:43)
	at java.base/java.lang.reflect.Method.invoke(Method.java:569)
	at com.fasterxml.jackson.databind.ser.BeanPropertyWriter.serializeAsField(BeanPropertyWriter.java:688)
	at com.fasterxml.jackson.databind.ser.std.BeanSerializerBase.serializeFields(BeanSerializerBase.java:772)
	... 112 common frames omitted
2025-11-13 10:52:58.397 [main] DEBUG c.t.o.controller.FlowController - Fetching combined flows with squashTestCaseId filter: null, page: 0, size: 10, sortBy: null, sortDirection: null
2025-11-13 10:52:58.404 [main] ERROR c.t.o.e.GlobalExceptionHandler - RuntimeException: Could not write JSON: (was java.lang.UnsupportedOperationException)
org.springframework.http.converter.HttpMessageNotWritableException: Could not write JSON: (was java.lang.UnsupportedOperationException)
	at org.springframework.http.converter.json.AbstractJackson2HttpMessageConverter.writeInternal(AbstractJackson2HttpMessageConverter.java:492)
	at org.springframework.http.converter.AbstractGenericHttpMessageConverter.write(AbstractGenericHttpMessageConverter.java:114)
	at org.springframework.web.servlet.mvc.method.annotation.AbstractMessageConverterMethodProcessor.writeWithMessageConverters(AbstractMessageConverterMethodProcessor.java:297)
	at org.springframework.web.servlet.mvc.method.annotation.HttpEntityMethodProcessor.handleReturnValue(HttpEntityMethodProcessor.java:245)
	at org.springframework.web.method.support.HandlerMethodReturnValueHandlerComposite.handleReturnValue(HandlerMethodReturnValueHandlerComposite.java:78)
	at org.springframework.web.servlet.mvc.method.annotation.ServletInvocableHandlerMethod.invokeAndHandle(ServletInvocableHandlerMethod.java:136)
	at org.springframework.web.servlet.mvc.method.annotation.RequestMappingHandlerAdapter.invokeHandlerMethod(RequestMappingHandlerAdapter.java:917)
	at org.springframework.web.servlet.mvc.method.annotation.RequestMappingHandlerAdapter.handleInternal(RequestMappingHandlerAdapter.java:829)
	at org.springframework.web.servlet.mvc.method.AbstractHandlerMethodAdapter.handle(AbstractHandlerMethodAdapter.java:87)
	at org.springframework.web.servlet.DispatcherServlet.doDispatch(DispatcherServlet.java:1089)
	at org.springframework.web.servlet.DispatcherServlet.doService(DispatcherServlet.java:979)
	at org.springframework.web.servlet.FrameworkServlet.processRequest(FrameworkServlet.java:1014)
	at org.springframework.web.servlet.FrameworkServlet.doGet(FrameworkServlet.java:903)
	at jakarta.servlet.http.HttpServlet.service(HttpServlet.java:564)
	at org.springframework.web.servlet.FrameworkServlet.service(FrameworkServlet.java:885)
	at org.springframework.test.web.servlet.TestDispatcherServlet.service(TestDispatcherServlet.java:72)
	at jakarta.servlet.http.HttpServlet.service(HttpServlet.java:658)
	at org.springframework.mock.web.MockFilterChain$ServletFilterProxy.doFilter(MockFilterChain.java:165)
	at org.springframework.mock.web.MockFilterChain.doFilter(MockFilterChain.java:132)
	at org.springframework.web.filter.RequestContextFilter.doFilterInternal(RequestContextFilter.java:100)
	at org.springframework.web.filter.OncePerRequestFilter.doFilter(OncePerRequestFilter.java:116)
	at org.springframework.test.web.servlet.setup.MockMvcFilterDecorator.doFilter(MockMvcFilterDecorator.java:151)
	at org.springframework.mock.web.MockFilterChain.doFilter(MockFilterChain.java:132)
	at org.springframework.web.filter.FormContentFilter.doFilterInternal(FormContentFilter.java:93)
	at org.springframework.web.filter.OncePerRequestFilter.doFilter(OncePerRequestFilter.java:116)
	at org.springframework.test.web.servlet.setup.MockMvcFilterDecorator.doFilter(MockMvcFilterDecorator.java:151)
	at org.springframework.mock.web.MockFilterChain.doFilter(MockFilterChain.java:132)
	at org.springframework.web.filter.CharacterEncodingFilter.doFilterInternal(CharacterEncodingFilter.java:201)
	at org.springframework.web.filter.OncePerRequestFilter.doFilter(OncePerRequestFilter.java:116)
	at org.springframework.test.web.servlet.setup.MockMvcFilterDecorator.doFilter(MockMvcFilterDecorator.java:151)
	at org.springframework.mock.web.MockFilterChain.doFilter(MockFilterChain.java:132)
	at org.springframework.test.web.servlet.MockMvc.perform(MockMvc.java:201)
	at com.testautomation.orchestrator.controller.FlowControllerTest.testGetAllFlowsWithDefaultSorting(FlowControllerTest.java:39)
	at java.base/jdk.internal.reflect.NativeMethodAccessorImpl.invoke0(Native Method)
	at java.base/jdk.internal.reflect.NativeMethodAccessorImpl.invoke(NativeMethodAccessorImpl.java:77)
	at java.base/jdk.internal.reflect.DelegatingMethodAccessorImpl.invoke(DelegatingMethodAccessorImpl.java:43)
	at java.base/java.lang.reflect.Method.invoke(Method.java:569)
	at org.junit.platform.commons.util.ReflectionUtils.invokeMethod(ReflectionUtils.java:728)
	at org.junit.jupiter.engine.execution.MethodInvocation.proceed(MethodInvocation.java:60)
	at org.junit.jupiter.engine.execution.InvocationInterceptorChain$ValidatingInvocation.proceed(InvocationInterceptorChain.java:131)
	at org.junit.jupiter.engine.extension.TimeoutExtension.intercept(TimeoutExtension.java:156)
	at org.junit.jupiter.engine.extension.TimeoutExtension.interceptTestableMethod(TimeoutExtension.java:147)
	at org.junit.jupiter.engine.extension.TimeoutExtension.interceptTestMethod(TimeoutExtension.java:86)
	at org.junit.jupiter.engine.execution.InterceptingExecutableInvoker$ReflectiveInterceptorCall.lambda$ofVoidMethod$0(InterceptingExecutableInvoker.java:103)
	at org.junit.jupiter.engine.execution.InterceptingExecutableInvoker.lambda$invoke$0(InterceptingExecutableInvoker.java:93)
	at org.junit.jupiter.engine.execution.InvocationInterceptorChain$InterceptedInvocation.proceed(InvocationInterceptorChain.java:106)
	at org.junit.jupiter.engine.execution.InvocationInterceptorChain.proceed(InvocationInterceptorChain.java:64)
	at org.junit.jupiter.engine.execution.InvocationInterceptorChain.chainAndInvoke(InvocationInterceptorChain.java:45)
	at org.junit.jupiter.engine.execution.InvocationInterceptorChain.invoke(InvocationInterceptorChain.java:37)
	at org.junit.jupiter.engine.execution.InterceptingExecutableInvoker.invoke(InterceptingExecutableInvoker.java:92)
	at org.junit.jupiter.engine.execution.InterceptingExecutableInvoker.invoke(InterceptingExecutableInvoker.java:86)
	at org.junit.jupiter.engine.descriptor.TestMethodTestDescriptor.lambda$invokeTestMethod$7(TestMethodTestDescriptor.java:218)
	at org.junit.platform.engine.support.hierarchical.ThrowableCollector.execute(ThrowableCollector.java:73)
	at org.junit.jupiter.engine.descriptor.TestMethodTestDescriptor.invokeTestMethod(TestMethodTestDescriptor.java:214)
	at org.junit.jupiter.engine.descriptor.TestMethodTestDescriptor.execute(TestMethodTestDescriptor.java:139)
	at org.junit.jupiter.engine.descriptor.TestMethodTestDescriptor.execute(TestMethodTestDescriptor.java:69)
	at org.junit.platform.engine.support.hierarchical.NodeTestTask.lambda$executeRecursively$6(NodeTestTask.java:151)
	at org.junit.platform.engine.support.hierarchical.ThrowableCollector.execute(ThrowableCollector.java:73)
	at org.junit.platform.engine.support.hierarchical.NodeTestTask.lambda$executeRecursively$8(NodeTestTask.java:141)
	at org.junit.platform.engine.support.hierarchical.Node.around(Node.java:137)
	at org.junit.platform.engine.support.hierarchical.NodeTestTask.lambda$executeRecursively$9(NodeTestTask.java:139)
	at org.junit.platform.engine.support.hierarchical.ThrowableCollector.execute(ThrowableCollector.java:73)
	at org.junit.platform.engine.support.hierarchical.NodeTestTask.executeRecursively(NodeTestTask.java:138)
	at org.junit.platform.engine.support.hierarchical.NodeTestTask.execute(NodeTestTask.java:95)
	at java.base/java.util.ArrayList.forEach(ArrayList.java:1511)
	at org.junit.platform.engine.support.hierarchical.SameThreadHierarchicalTestExecutorService.invokeAll(SameThreadHierarchicalTestExecutorService.java:41)
	at org.junit.platform.engine.support.hierarchical.NodeTestTask.lambda$executeRecursively$6(NodeTestTask.java:155)
	at org.junit.platform.engine.support.hierarchical.ThrowableCollector.execute(ThrowableCollector.java:73)
	at org.junit.platform.engine.support.hierarchical.NodeTestTask.lambda$executeRecursively$8(NodeTestTask.java:141)
	at org.junit.platform.engine.support.hierarchical.Node.around(Node.java:137)
	at org.junit.platform.engine.support.hierarchical.NodeTestTask.lambda$executeRecursively$9(NodeTestTask.java:139)
	at org.junit.platform.engine.support.hierarchical.ThrowableCollector.execute(ThrowableCollector.java:73)
	at org.junit.platform.engine.support.hierarchical.NodeTestTask.executeRecursively(NodeTestTask.java:138)
	at org.junit.platform.engine.support.hierarchical.NodeTestTask.execute(NodeTestTask.java:95)
	at java.base/java.util.ArrayList.forEach(ArrayList.java:1511)
	at org.junit.platform.engine.support.hierarchical.SameThreadHierarchicalTestExecutorService.invokeAll(SameThreadHierarchicalTestExecutorService.java:41)
	at org.junit.platform.engine.support.hierarchical.NodeTestTask.lambda$executeRecursively$6(NodeTestTask.java:155)
	at org.junit.platform.engine.support.hierarchical.ThrowableCollector.execute(ThrowableCollector.java:73)
	at org.junit.platform.engine.support.hierarchical.NodeTestTask.lambda$executeRecursively$8(NodeTestTask.java:141)
	at org.junit.platform.engine.support.hierarchical.Node.around(Node.java:137)
	at org.junit.platform.engine.support.hierarchical.NodeTestTask.lambda$executeRecursively$9(NodeTestTask.java:139)
	at org.junit.platform.engine.support.hierarchical.ThrowableCollector.execute(ThrowableCollector.java:73)
	at org.junit.platform.engine.support.hierarchical.NodeTestTask.executeRecursively(NodeTestTask.java:138)
	at org.junit.platform.engine.support.hierarchical.NodeTestTask.execute(NodeTestTask.java:95)
	at org.junit.platform.engine.support.hierarchical.SameThreadHierarchicalTestExecutorService.submit(SameThreadHierarchicalTestExecutorService.java:35)
	at org.junit.platform.engine.support.hierarchical.HierarchicalTestExecutor.execute(HierarchicalTestExecutor.java:57)
	at org.junit.platform.engine.support.hierarchical.HierarchicalTestEngine.execute(HierarchicalTestEngine.java:54)
	at org.junit.platform.launcher.core.EngineExecutionOrchestrator.execute(EngineExecutionOrchestrator.java:198)
	at org.junit.platform.launcher.core.EngineExecutionOrchestrator.execute(EngineExecutionOrchestrator.java:169)
	at org.junit.platform.launcher.core.EngineExecutionOrchestrator.execute(EngineExecutionOrchestrator.java:93)
	at org.junit.platform.launcher.core.EngineExecutionOrchestrator.lambda$execute$0(EngineExecutionOrchestrator.java:58)
	at org.junit.platform.launcher.core.EngineExecutionOrchestrator.withInterceptedStreams(EngineExecutionOrchestrator.java:141)
	at org.junit.platform.launcher.core.EngineExecutionOrchestrator.execute(EngineExecutionOrchestrator.java:57)
	at org.junit.platform.launcher.core.DefaultLauncher.execute(DefaultLauncher.java:103)
	at org.junit.platform.launcher.core.DefaultLauncher.execute(DefaultLauncher.java:85)
	at org.junit.platform.launcher.core.DelegatingLauncher.execute(DelegatingLauncher.java:47)
	at org.apache.maven.surefire.junitplatform.LazyLauncher.execute(LazyLauncher.java:56)
	at org.apache.maven.surefire.junitplatform.JUnitPlatformProvider.execute(JUnitPlatformProvider.java:184)
	at org.apache.maven.surefire.junitplatform.JUnitPlatformProvider.invokeAllTests(JUnitPlatformProvider.java:148)
	at org.apache.maven.surefire.junitplatform.JUnitPlatformProvider.invoke(JUnitPlatformProvider.java:122)
	at org.apache.maven.surefire.booter.ForkedBooter.runSuitesInProcess(ForkedBooter.java:385)
	at org.apache.maven.surefire.booter.ForkedBooter.execute(ForkedBooter.java:162)
	at org.apache.maven.surefire.booter.ForkedBooter.run(ForkedBooter.java:507)
	at org.apache.maven.surefire.booter.ForkedBooter.main(ForkedBooter.java:495)
Caused by: com.fasterxml.jackson.databind.JsonMappingException: (was java.lang.UnsupportedOperationException) (through reference chain: org.springframework.data.domain.PageImpl["pageable"]->org.springframework.data.domain.Unpaged["offset"])
	at com.fasterxml.jackson.databind.JsonMappingException.wrapWithPath(JsonMappingException.java:402)
	at com.fasterxml.jackson.databind.JsonMappingException.wrapWithPath(JsonMappingException.java:361)
	at com.fasterxml.jackson.databind.ser.std.StdSerializer.wrapAndThrow(StdSerializer.java:323)
	at com.fasterxml.jackson.databind.ser.std.BeanSerializerBase.serializeFields(BeanSerializerBase.java:780)
	at com.fasterxml.jackson.databind.ser.BeanSerializer.serialize(BeanSerializer.java:178)
	at com.fasterxml.jackson.databind.ser.BeanPropertyWriter.serializeAsField(BeanPropertyWriter.java:732)
	at com.fasterxml.jackson.databind.ser.std.BeanSerializerBase.serializeFields(BeanSerializerBase.java:772)
	at com.fasterxml.jackson.databind.ser.BeanSerializer.serialize(BeanSerializer.java:178)
	at com.fasterxml.jackson.databind.ser.DefaultSerializerProvider._serialize(DefaultSerializerProvider.java:479)
	at com.fasterxml.jackson.databind.ser.DefaultSerializerProvider.serializeValue(DefaultSerializerProvider.java:318)
	at com.fasterxml.jackson.databind.ObjectWriter$Prefetch.serialize(ObjectWriter.java:1572)
	at com.fasterxml.jackson.databind.ObjectWriter.writeValue(ObjectWriter.java:1061)
	at org.springframework.http.converter.json.AbstractJackson2HttpMessageConverter.writeInternal(AbstractJackson2HttpMessageConverter.java:483)
	... 103 common frames omitted
Caused by: java.lang.UnsupportedOperationException: null
	at org.springframework.data.domain.Unpaged.getOffset(Unpaged.java:75)
	at java.base/jdk.internal.reflect.NativeMethodAccessorImpl.invoke0(Native Method)
	at java.base/jdk.internal.reflect.NativeMethodAccessorImpl.invoke(NativeMethodAccessorImpl.java:77)
	at java.base/jdk.internal.reflect.DelegatingMethodAccessorImpl.invoke(DelegatingMethodAccessorImpl.java:43)
	at java.base/java.lang.reflect.Method.invoke(Method.java:569)
	at com.fasterxml.jackson.databind.ser.BeanPropertyWriter.serializeAsField(BeanPropertyWriter.java:688)
	at com.fasterxml.jackson.databind.ser.std.BeanSerializerBase.serializeFields(BeanSerializerBase.java:772)
	... 112 common frames omitted
2025-11-13 10:52:58.439 [main] DEBUG c.t.o.controller.FlowController - Fetching combined flows with squashTestCaseId filter: null, page: null, size: null, sortBy: null, sortDirection: null
2025-11-13 10:53:21.072 [main] INFO  c.t.o.PipelineOrchestratorApplicationTests - Starting PipelineOrchestratorApplicationTests using Java 17.0.16 with PID 8416 (started by Admin in D:\vibe\flow-forge-v1 - before suites - with branch - latest)
2025-11-13 10:53:21.074 [main] DEBUG c.t.o.PipelineOrchestratorApplicationTests - Running with Spring Boot v3.2.0, Spring v6.1.1
2025-11-13 10:53:21.076 [main] INFO  c.t.o.PipelineOrchestratorApplicationTests - The following 1 profile is active: "test"
2025-11-13 10:53:21.450 [main] DEBUG o.s.w.c.s.GenericWebApplicationContext - Refreshing org.springframework.web.context.support.GenericWebApplicationContext@6124287a
2025-11-13 10:53:28.657 [main] WARN  org.hibernate.orm.deprecation - HHH90000025: H2Dialect does not need to be specified explicitly using 'hibernate.dialect' (remove the property setting and it will be selected by default)
2025-11-13 10:53:30.806 [main] DEBUG org.hibernate.SQL - 
    drop table if exists applications cascade 
2025-11-13 10:53:30.812 [main] DEBUG org.hibernate.SQL - 
    drop table if exists flow_executions cascade 
2025-11-13 10:53:30.812 [main] DEBUG org.hibernate.SQL - 
    drop table if exists flow_steps cascade 
2025-11-13 10:53:30.813 [main] DEBUG org.hibernate.SQL - 
    drop table if exists flows cascade 
2025-11-13 10:53:30.813 [main] DEBUG org.hibernate.SQL - 
    drop table if exists pipeline_executions cascade 
2025-11-13 10:53:30.813 [main] DEBUG org.hibernate.SQL - 
    drop table if exists test_data cascade 
2025-11-13 10:53:30.820 [main] DEBUG org.hibernate.SQL - 
    create table applications (
        created_at timestamp(6) not null,
        id bigint generated by default as identity,
        updated_at timestamp(6) not null,
        application_description varchar(255) not null,
        application_name varchar(255) not null,
        gitlab_project_id varchar(255) not null,
        personal_access_token varchar(255) not null,
        project_name varchar(255),
        project_url varchar(255),
        token_status varchar(255) not null check (token_status in ('ACTIVE','EXPIRED','INVALID')),
        primary key (id)
    )
2025-11-13 10:53:30.836 [main] DEBUG org.hibernate.SQL - 
    create table flow_executions (
        created_at timestamp(6) not null,
        end_time timestamp(6),
        flow_id bigint not null,
        start_time timestamp(6),
        id uuid not null,
        status varchar(255) check (status in ('RUNNING','PASSED','FAILED','CANCELLED','SCHEDULED','IN_PROGRESS')),
        runtime_variables json,
        primary key (id)
    )
2025-11-13 10:53:30.840 [main] DEBUG org.hibernate.SQL - 
    create table flow_steps (
        application_id bigint not null,
        created_at timestamp(6) not null,
        id bigint generated by default as identity,
        updated_at timestamp(6) not null,
        branch varchar(255) not null,
        description varchar(255),
        scheduler_type varchar(255),
        test_stage varchar(255) not null,
        test_tag varchar(255) not null,
        timer_days varchar(255),
        timer_hours varchar(255),
        timer_minutes varchar(255),
        squash_step_ids json,
        test_data_ids json,
        primary key (id)
    )
2025-11-13 10:53:30.842 [main] DEBUG org.hibernate.SQL - 
    create table flows (
        created_at timestamp(6) not null,
        id bigint generated by default as identity,
        squash_test_case_id bigint not null,
        updated_at timestamp(6) not null,
        squash_test_case varchar(255) not null,
        flow_step_ids json not null,
        primary key (id)
    )
2025-11-13 10:53:30.845 [main] DEBUG org.hibernate.SQL - 
    create table pipeline_executions (
        is_replay boolean not null,
        created_at timestamp(6) not null,
        end_time timestamp(6),
        flow_id bigint not null,
        flow_step_id bigint not null,
        id bigint generated by default as identity,
        pipeline_id bigint,
        resume_time timestamp(6),
        start_time timestamp(6),
        flow_execution_id uuid not null,
        original_flow_execution_id uuid,
        pipeline_url varchar(255),
        status varchar(255) check (status in ('RUNNING','PASSED','FAILED','CANCELLED','SCHEDULED','IN_PROGRESS')),
        configured_test_data json,
        runtime_test_data json,
        primary key (id)
    )
2025-11-13 10:53:30.847 [main] DEBUG org.hibernate.SQL - 
    create table test_data (
        application_id bigint,
        created_at timestamp(6) not null,
        data_id bigint generated by default as identity,
        updated_at timestamp(6) not null,
        application_name varchar(255) not null,
        category varchar(255) not null,
        description varchar(255),
        variables json not null,
        primary key (data_id)
    )
2025-11-13 10:53:36.081 [main] DEBUG o.s.w.s.s.s.WebSocketHandlerMapping - Patterns [/ws/flow-logs/{flowExecutionUUID}] in 'webSocketHandlerMapping'
2025-11-13 10:53:37.060 [main] WARN  o.s.b.a.o.j.JpaBaseConfiguration$JpaWebConfiguration - spring.jpa.open-in-view is enabled by default. Therefore, database queries may be performed during view rendering. Explicitly configure spring.jpa.open-in-view to disable this warning
2025-11-13 10:53:37.401 [main] DEBUG o.s.w.s.m.m.a.RequestMappingHandlerMapping - 44 mappings in 'requestMappingHandlerMapping'
2025-11-13 10:53:37.616 [main] DEBUG o.s.w.s.h.SimpleUrlHandlerMapping - Patterns [/webjars/**, /**, /swagger-ui*/*swagger-initializer.js, /swagger-ui*/**] in 'resourceHandlerMapping'
2025-11-13 10:53:37.712 [main] DEBUG o.s.w.s.m.m.a.RequestMappingHandlerAdapter - ControllerAdvice beans: 0 @ModelAttribute, 0 @InitBinder, 1 RequestBodyAdvice, 1 ResponseBodyAdvice
2025-11-13 10:53:37.811 [main] DEBUG o.s.w.s.m.m.a.ExceptionHandlerExceptionResolver - ControllerAdvice beans: 2 @ExceptionHandler, 1 ResponseBodyAdvice
2025-11-13 10:53:39.526 [main] INFO  c.t.o.PipelineOrchestratorApplicationTests - Started PipelineOrchestratorApplicationTests in 19.242 seconds (process running for 21.184)
2025-11-13 10:53:39.578 [scheduling-1] DEBUG c.t.o.service.SchedulingService - Checking for scheduled pipeline executions ready to resume...
2025-11-13 10:53:39.966 [scheduling-1] DEBUG org.hibernate.SQL - 
    select
        pe1_0.id,
        pe1_0.configured_test_data,
        pe1_0.created_at,
        pe1_0.end_time,
        pe1_0.flow_execution_id,
        pe1_0.flow_id,
        pe1_0.flow_step_id,
        pe1_0.is_replay,
        pe1_0.original_flow_execution_id,
        pe1_0.pipeline_id,
        pe1_0.pipeline_url,
        pe1_0.resume_time,
        pe1_0.runtime_test_data,
        pe1_0.start_time,
        pe1_0.status 
    from
        pipeline_executions pe1_0 
    where
        pe1_0.status=? 
        and pe1_0.resume_time<?
2025-11-13 10:53:40.031 [scheduling-1] INFO  c.t.o.service.SchedulingService - Found 0 scheduled executions ready to resume
2025-11-13 10:53:41.075 [main] DEBUG c.t.o.util.OutputEnvParser - Parsed variable: KEY1=value1
2025-11-13 10:53:41.076 [main] DEBUG c.t.o.util.OutputEnvParser - Parsed variable: KEY2=value2
2025-11-13 10:53:41.076 [main] INFO  c.t.o.util.OutputEnvParser - Successfully parsed 2 variables from output.env
2025-11-13 10:53:41.093 [main] DEBUG c.t.o.util.OutputEnvParser - Merged 2 new variables with 2 existing variables
2025-11-13 10:53:41.097 [main] DEBUG c.t.o.util.OutputEnvParser - Parsed variable: KEY1=value1
2025-11-13 10:53:41.098 [main] DEBUG c.t.o.util.OutputEnvParser - Parsed variable: KEY2=value2
2025-11-13 10:53:41.098 [main] INFO  c.t.o.util.OutputEnvParser - Successfully parsed 2 variables from output.env
2025-11-13 10:53:41.102 [main] DEBUG c.t.o.util.OutputEnvParser - Parsed variable: KEY1=quoted value
2025-11-13 10:53:41.102 [main] DEBUG c.t.o.util.OutputEnvParser - Parsed variable: KEY2=single quoted
2025-11-13 10:53:41.102 [main] INFO  c.t.o.util.OutputEnvParser - Successfully parsed 2 variables from output.env
2025-11-13 10:53:41.104 [main] DEBUG c.t.o.util.OutputEnvParser - Parsed variable: KEY1=value1
2025-11-13 10:53:41.105 [main] DEBUG c.t.o.util.OutputEnvParser - Parsed variable: KEY2=value2
2025-11-13 10:53:41.105 [main] INFO  c.t.o.util.OutputEnvParser - Successfully parsed 2 variables from output.env
2025-11-13 10:53:41.212 [SpringApplicationShutdownHook] DEBUG o.s.w.c.s.GenericWebApplicationContext - Closing org.springframework.web.context.support.GenericWebApplicationContext@6124287a, started on Thu Nov 13 10:53:21 IST 2025
2025-11-13 10:53:41.241 [SpringApplicationShutdownHook] DEBUG org.hibernate.SQL - 
    drop table if exists applications cascade 
2025-11-13 10:53:41.245 [SpringApplicationShutdownHook] DEBUG org.hibernate.SQL - 
    drop table if exists flow_executions cascade 
2025-11-13 10:53:41.247 [SpringApplicationShutdownHook] DEBUG org.hibernate.SQL - 
    drop table if exists flow_steps cascade 
2025-11-13 10:53:41.248 [SpringApplicationShutdownHook] DEBUG org.hibernate.SQL - 
    drop table if exists flows cascade 
2025-11-13 10:53:41.250 [SpringApplicationShutdownHook] DEBUG org.hibernate.SQL - 
    drop table if exists pipeline_executions cascade 
2025-11-13 10:53:41.253 [SpringApplicationShutdownHook] DEBUG org.hibernate.SQL - 
    drop table if exists test_data cascade 
2025-11-13 10:54:22.522 [main] INFO  c.t.o.PipelineOrchestratorApplication - Starting PipelineOrchestratorApplication using Java 17.0.16 with PID 21880 (D:\vibe\flow-forge-v1 - before suites - with branch - latest\target\classes started by Admin in D:\vibe\flow-forge-v1 - before suites - with branch - latest)
2025-11-13 10:54:22.524 [main] DEBUG c.t.o.PipelineOrchestratorApplication - Running with Spring Boot v3.2.0, Spring v6.1.1
2025-11-13 10:54:22.524 [main] INFO  c.t.o.PipelineOrchestratorApplication - The following 1 profile is active: "local"
2025-11-13 10:54:25.835 [main] WARN  org.hibernate.orm.deprecation - HHH90000025: H2Dialect does not need to be specified explicitly using 'hibernate.dialect' (remove the property setting and it will be selected by default)
2025-11-13 10:54:26.847 [main] DEBUG org.hibernate.SQL - create table applications (id bigint generated by default as identity, application_description varchar(255) not null, application_name varchar(255) not null, created_at timestamp(6) not null, gitlab_project_id varchar(255) not null, personal_access_token varchar(255) not null, project_name varchar(255), project_url varchar(255), token_status varchar(255) not null check (token_status in ('ACTIVE','EXPIRED','INVALID')), updated_at timestamp(6) not null, primary key (id))
2025-11-13 10:54:26.860 [main] DEBUG org.hibernate.SQL - create table flow_executions (id uuid not null, created_at timestamp(6) not null, end_time timestamp(6), flow_id bigint not null, runtime_variables json, start_time timestamp(6), status varchar(255) check (status in ('RUNNING','PASSED','FAILED','CANCELLED','SCHEDULED','IN_PROGRESS')), primary key (id))
2025-11-13 10:54:26.865 [main] DEBUG org.hibernate.SQL - create table flow_steps (id bigint generated by default as identity, application_id bigint not null, branch varchar(255) not null, created_at timestamp(6) not null, description varchar(255), timer_days varchar(255), timer_hours varchar(255), timer_minutes varchar(255), scheduler_type varchar(255), squash_step_ids json, test_data_ids json, test_stage varchar(255) not null, test_tag varchar(255) not null, updated_at timestamp(6) not null, primary key (id))
2025-11-13 10:54:26.867 [main] DEBUG org.hibernate.SQL - create table flows (id bigint generated by default as identity, created_at timestamp(6) not null, flow_step_ids json not null, squash_test_case varchar(255) not null, squash_test_case_id bigint not null, updated_at timestamp(6) not null, primary key (id))
2025-11-13 10:54:26.869 [main] DEBUG org.hibernate.SQL - create table pipeline_executions (id bigint generated by default as identity, configured_test_data json, created_at timestamp(6) not null, end_time timestamp(6), flow_execution_id uuid not null, flow_id bigint not null, flow_step_id bigint not null, is_replay boolean not null, original_flow_execution_id uuid, pipeline_id bigint, pipeline_url varchar(255), resume_time timestamp(6), runtime_test_data json, start_time timestamp(6), status varchar(255) check (status in ('RUNNING','PASSED','FAILED','CANCELLED','SCHEDULED','IN_PROGRESS')), primary key (id))
2025-11-13 10:54:26.871 [main] DEBUG org.hibernate.SQL - create table test_data (data_id bigint generated by default as identity, application_id bigint, application_name varchar(255) not null, category varchar(255) not null, created_at timestamp(6) not null, description varchar(255), updated_at timestamp(6) not null, variables json not null, primary key (data_id))
2025-11-13 10:54:28.922 [main] WARN  o.s.b.a.o.j.JpaBaseConfiguration$JpaWebConfiguration - spring.jpa.open-in-view is enabled by default. Therefore, database queries may be performed during view rendering. Explicitly configure spring.jpa.open-in-view to disable this warning
2025-11-13 10:54:29.894 [main] INFO  c.t.o.PipelineOrchestratorApplication - Started PipelineOrchestratorApplication in 7.968 seconds (process running for 8.358)
2025-11-13 10:54:29.913 [scheduling-1] DEBUG c.t.o.service.SchedulingService - Checking for scheduled pipeline executions ready to resume...
2025-11-13 10:54:30.008 [scheduling-1] DEBUG org.hibernate.SQL - select pe1_0.id,pe1_0.configured_test_data,pe1_0.created_at,pe1_0.end_time,pe1_0.flow_execution_id,pe1_0.flow_id,pe1_0.flow_step_id,pe1_0.is_replay,pe1_0.original_flow_execution_id,pe1_0.pipeline_id,pe1_0.pipeline_url,pe1_0.resume_time,pe1_0.runtime_test_data,pe1_0.start_time,pe1_0.status from pipeline_executions pe1_0 where pe1_0.status=? and pe1_0.resume_time<?
2025-11-13 10:54:30.022 [scheduling-1] INFO  c.t.o.service.SchedulingService - Found 0 scheduled executions ready to resume
2025-11-13 10:54:44.349 [http-nio-8080-exec-1] INFO  o.s.web.servlet.DispatcherServlet - Initializing Servlet 'dispatcherServlet'
2025-11-13 10:54:44.352 [http-nio-8080-exec-1] INFO  o.s.web.servlet.DispatcherServlet - Completed initialization in 2 ms
2025-11-13 10:54:44.378 [http-nio-8080-exec-1] WARN  c.t.o.e.GlobalExceptionHandler - Static resource not found: No static resource api/v1/swagger-ui/index.html.
2025-11-13 10:54:51.503 [http-nio-8080-exec-10] INFO  o.s.api.AbstractOpenApiResource - Init duration for springdoc-openapi is: 802 ms
2025-11-13 10:55:09.074 [http-nio-8080-exec-1] DEBUG c.t.o.controller.FlowController - Fetching combined flows with squashTestCaseId filter: null, page: null, size: null, sortBy: null, sortDirection: null
2025-11-13 10:55:09.078 [http-nio-8080-exec-1] DEBUG c.t.o.service.CombinedFlowService - Fetching all combined flows with pagination: Page request [number: 0, size 2147483647, sort: updatedAt: DESC]
2025-11-13 10:55:09.097 [http-nio-8080-exec-1] DEBUG org.hibernate.SQL - select f1_0.id,f1_0.created_at,f1_0.flow_step_ids,f1_0.squash_test_case,f1_0.squash_test_case_id,f1_0.updated_at from flows f1_0 order by f1_0.updated_at desc offset ? rows fetch first ? rows only
2025-11-13 21:17:07.154 [main] INFO  c.t.o.PipelineOrchestratorApplication - Starting PipelineOrchestratorApplication using Java 17.0.16 with PID 30088 (D:\vibe\flow-forge-v1 - before suites - with branch - latest\target\classes started by Admin in D:\vibe\flow-forge-v1 - before suites - with branch - latest)
2025-11-13 21:17:07.156 [main] DEBUG c.t.o.PipelineOrchestratorApplication - Running with Spring Boot v3.2.0, Spring v6.1.1
2025-11-13 21:17:07.157 [main] INFO  c.t.o.PipelineOrchestratorApplication - The following 1 profile is active: "local"
2025-11-13 21:17:10.381 [main] WARN  org.hibernate.orm.deprecation - HHH90000025: H2Dialect does not need to be specified explicitly using 'hibernate.dialect' (remove the property setting and it will be selected by default)
2025-11-13 21:17:11.373 [main] DEBUG org.hibernate.SQL - create table applications (id bigint generated by default as identity, application_description varchar(255) not null, application_name varchar(255) not null, created_at timestamp(6) not null, gitlab_project_id varchar(255) not null, personal_access_token varchar(255) not null, project_name varchar(255), project_url varchar(255), token_status varchar(255) not null check (token_status in ('ACTIVE','EXPIRED','INVALID')), updated_at timestamp(6) not null, primary key (id))
2025-11-13 21:17:11.384 [main] DEBUG org.hibernate.SQL - create table flow_executions (id uuid not null, created_at timestamp(6) not null, end_time timestamp(6), flow_id bigint not null, runtime_variables json, start_time timestamp(6), status varchar(255) check (status in ('RUNNING','PASSED','FAILED','CANCELLED','SCHEDULED','IN_PROGRESS')), primary key (id))
2025-11-13 21:17:11.387 [main] DEBUG org.hibernate.SQL - create table flow_steps (id bigint generated by default as identity, application_id bigint not null, branch varchar(255) not null, created_at timestamp(6) not null, description varchar(255), timer_days varchar(255), timer_hours varchar(255), timer_minutes varchar(255), scheduler_type varchar(255), squash_step_ids json, test_data_ids json, test_stage varchar(255) not null, test_tag varchar(255) not null, updated_at timestamp(6) not null, primary key (id))
2025-11-13 21:17:11.389 [main] DEBUG org.hibernate.SQL - create table flows (id bigint generated by default as identity, created_at timestamp(6) not null, flow_step_ids json not null, squash_test_case varchar(255) not null, squash_test_case_id bigint not null, updated_at timestamp(6) not null, primary key (id))
2025-11-13 21:17:11.391 [main] DEBUG org.hibernate.SQL - create table pipeline_executions (id bigint generated by default as identity, configured_test_data json, created_at timestamp(6) not null, end_time timestamp(6), flow_execution_id uuid not null, flow_id bigint not null, flow_step_id bigint not null, is_replay boolean not null, original_flow_execution_id uuid, pipeline_id bigint, pipeline_url varchar(255), resume_time timestamp(6), runtime_test_data json, start_time timestamp(6), status varchar(255) check (status in ('RUNNING','PASSED','FAILED','CANCELLED','SCHEDULED','IN_PROGRESS')), primary key (id))
2025-11-13 21:17:11.393 [main] DEBUG org.hibernate.SQL - create table test_data (data_id bigint generated by default as identity, application_id bigint, application_name varchar(255) not null, category varchar(255) not null, created_at timestamp(6) not null, description varchar(255), updated_at timestamp(6) not null, variables json not null, primary key (data_id))
2025-11-13 21:17:13.372 [main] WARN  o.s.b.a.o.j.JpaBaseConfiguration$JpaWebConfiguration - spring.jpa.open-in-view is enabled by default. Therefore, database queries may be performed during view rendering. Explicitly configure spring.jpa.open-in-view to disable this warning
2025-11-13 21:17:14.275 [main] INFO  c.t.o.PipelineOrchestratorApplication - Started PipelineOrchestratorApplication in 7.785 seconds (process running for 8.213)
2025-11-13 21:17:14.292 [scheduling-1] DEBUG c.t.o.service.SchedulingService - Checking for scheduled pipeline executions ready to resume...
2025-11-13 21:17:14.391 [scheduling-1] DEBUG org.hibernate.SQL - select pe1_0.id,pe1_0.configured_test_data,pe1_0.created_at,pe1_0.end_time,pe1_0.flow_execution_id,pe1_0.flow_id,pe1_0.flow_step_id,pe1_0.is_replay,pe1_0.original_flow_execution_id,pe1_0.pipeline_id,pe1_0.pipeline_url,pe1_0.resume_time,pe1_0.runtime_test_data,pe1_0.start_time,pe1_0.status from pipeline_executions pe1_0 where pe1_0.status=? and pe1_0.resume_time<?
2025-11-13 21:17:14.405 [scheduling-1] INFO  c.t.o.service.SchedulingService - Found 0 scheduled executions ready to resume
2025-11-13 21:17:40.055 [http-nio-8080-exec-1] INFO  o.s.web.servlet.DispatcherServlet - Initializing Servlet 'dispatcherServlet'
2025-11-13 21:17:40.057 [http-nio-8080-exec-1] INFO  o.s.web.servlet.DispatcherServlet - Completed initialization in 1 ms
2025-11-13 21:17:41.151 [http-nio-8080-exec-3] INFO  o.s.api.AbstractOpenApiResource - Init duration for springdoc-openapi is: 876 ms
2025-11-13 21:18:14.276 [scheduling-1] DEBUG c.t.o.service.SchedulingService - Checking for scheduled pipeline executions ready to resume...
2025-11-13 21:18:14.281 [scheduling-1] DEBUG org.hibernate.SQL - select pe1_0.id,pe1_0.configured_test_data,pe1_0.created_at,pe1_0.end_time,pe1_0.flow_execution_id,pe1_0.flow_id,pe1_0.flow_step_id,pe1_0.is_replay,pe1_0.original_flow_execution_id,pe1_0.pipeline_id,pe1_0.pipeline_url,pe1_0.resume_time,pe1_0.runtime_test_data,pe1_0.start_time,pe1_0.status from pipeline_executions pe1_0 where pe1_0.status=? and pe1_0.resume_time<?
2025-11-13 21:18:14.282 [scheduling-1] INFO  c.t.o.service.SchedulingService - Found 0 scheduled executions ready to resume
2025-11-13 21:19:14.274 [scheduling-1] DEBUG c.t.o.service.SchedulingService - Checking for scheduled pipeline executions ready to resume...
2025-11-13 21:19:14.278 [scheduling-1] DEBUG org.hibernate.SQL - select pe1_0.id,pe1_0.configured_test_data,pe1_0.created_at,pe1_0.end_time,pe1_0.flow_execution_id,pe1_0.flow_id,pe1_0.flow_step_id,pe1_0.is_replay,pe1_0.original_flow_execution_id,pe1_0.pipeline_id,pe1_0.pipeline_url,pe1_0.resume_time,pe1_0.runtime_test_data,pe1_0.start_time,pe1_0.status from pipeline_executions pe1_0 where pe1_0.status=? and pe1_0.resume_time<?
2025-11-13 21:19:14.279 [scheduling-1] INFO  c.t.o.service.SchedulingService - Found 0 scheduled executions ready to resume
2025-11-13 21:20:14.288 [scheduling-1] DEBUG c.t.o.service.SchedulingService - Checking for scheduled pipeline executions ready to resume...
2025-11-13 21:20:14.292 [scheduling-1] DEBUG org.hibernate.SQL - select pe1_0.id,pe1_0.configured_test_data,pe1_0.created_at,pe1_0.end_time,pe1_0.flow_execution_id,pe1_0.flow_id,pe1_0.flow_step_id,pe1_0.is_replay,pe1_0.original_flow_execution_id,pe1_0.pipeline_id,pe1_0.pipeline_url,pe1_0.resume_time,pe1_0.runtime_test_data,pe1_0.start_time,pe1_0.status from pipeline_executions pe1_0 where pe1_0.status=? and pe1_0.resume_time<?
2025-11-13 21:20:14.294 [scheduling-1] INFO  c.t.o.service.SchedulingService - Found 0 scheduled executions ready to resume
2025-11-13 21:21:14.283 [scheduling-1] DEBUG c.t.o.service.SchedulingService - Checking for scheduled pipeline executions ready to resume...
2025-11-13 21:21:14.287 [scheduling-1] DEBUG org.hibernate.SQL - select pe1_0.id,pe1_0.configured_test_data,pe1_0.created_at,pe1_0.end_time,pe1_0.flow_execution_id,pe1_0.flow_id,pe1_0.flow_step_id,pe1_0.is_replay,pe1_0.original_flow_execution_id,pe1_0.pipeline_id,pe1_0.pipeline_url,pe1_0.resume_time,pe1_0.runtime_test_data,pe1_0.start_time,pe1_0.status from pipeline_executions pe1_0 where pe1_0.status=? and pe1_0.resume_time<?
2025-11-13 21:21:14.288 [scheduling-1] INFO  c.t.o.service.SchedulingService - Found 0 scheduled executions ready to resume
2025-11-13 21:22:14.283 [scheduling-1] DEBUG c.t.o.service.SchedulingService - Checking for scheduled pipeline executions ready to resume...
2025-11-13 21:22:14.288 [scheduling-1] DEBUG org.hibernate.SQL - select pe1_0.id,pe1_0.configured_test_data,pe1_0.created_at,pe1_0.end_time,pe1_0.flow_execution_id,pe1_0.flow_id,pe1_0.flow_step_id,pe1_0.is_replay,pe1_0.original_flow_execution_id,pe1_0.pipeline_id,pe1_0.pipeline_url,pe1_0.resume_time,pe1_0.runtime_test_data,pe1_0.start_time,pe1_0.status from pipeline_executions pe1_0 where pe1_0.status=? and pe1_0.resume_time<?
2025-11-13 21:22:14.291 [scheduling-1] INFO  c.t.o.service.SchedulingService - Found 0 scheduled executions ready to resume
2025-11-13 21:23:14.277 [scheduling-1] DEBUG c.t.o.service.SchedulingService - Checking for scheduled pipeline executions ready to resume...
2025-11-13 21:23:14.281 [scheduling-1] DEBUG org.hibernate.SQL - select pe1_0.id,pe1_0.configured_test_data,pe1_0.created_at,pe1_0.end_time,pe1_0.flow_execution_id,pe1_0.flow_id,pe1_0.flow_step_id,pe1_0.is_replay,pe1_0.original_flow_execution_id,pe1_0.pipeline_id,pe1_0.pipeline_url,pe1_0.resume_time,pe1_0.runtime_test_data,pe1_0.start_time,pe1_0.status from pipeline_executions pe1_0 where pe1_0.status=? and pe1_0.resume_time<?
2025-11-13 21:23:14.282 [scheduling-1] INFO  c.t.o.service.SchedulingService - Found 0 scheduled executions ready to resume
2025-11-13 21:24:14.284 [scheduling-1] DEBUG c.t.o.service.SchedulingService - Checking for scheduled pipeline executions ready to resume...
2025-11-13 21:24:14.288 [scheduling-1] DEBUG org.hibernate.SQL - select pe1_0.id,pe1_0.configured_test_data,pe1_0.created_at,pe1_0.end_time,pe1_0.flow_execution_id,pe1_0.flow_id,pe1_0.flow_step_id,pe1_0.is_replay,pe1_0.original_flow_execution_id,pe1_0.pipeline_id,pe1_0.pipeline_url,pe1_0.resume_time,pe1_0.runtime_test_data,pe1_0.start_time,pe1_0.status from pipeline_executions pe1_0 where pe1_0.status=? and pe1_0.resume_time<?
2025-11-13 21:24:14.289 [scheduling-1] INFO  c.t.o.service.SchedulingService - Found 0 scheduled executions ready to resume
2025-11-13 21:25:14.286 [scheduling-1] DEBUG c.t.o.service.SchedulingService - Checking for scheduled pipeline executions ready to resume...
2025-11-13 21:25:14.293 [scheduling-1] DEBUG org.hibernate.SQL - select pe1_0.id,pe1_0.configured_test_data,pe1_0.created_at,pe1_0.end_time,pe1_0.flow_execution_id,pe1_0.flow_id,pe1_0.flow_step_id,pe1_0.is_replay,pe1_0.original_flow_execution_id,pe1_0.pipeline_id,pe1_0.pipeline_url,pe1_0.resume_time,pe1_0.runtime_test_data,pe1_0.start_time,pe1_0.status from pipeline_executions pe1_0 where pe1_0.status=? and pe1_0.resume_time<?
2025-11-13 21:25:14.295 [scheduling-1] INFO  c.t.o.service.SchedulingService - Found 0 scheduled executions ready to resume
2025-11-13 21:26:14.288 [scheduling-1] DEBUG c.t.o.service.SchedulingService - Checking for scheduled pipeline executions ready to resume...
2025-11-13 21:26:14.292 [scheduling-1] DEBUG org.hibernate.SQL - select pe1_0.id,pe1_0.configured_test_data,pe1_0.created_at,pe1_0.end_time,pe1_0.flow_execution_id,pe1_0.flow_id,pe1_0.flow_step_id,pe1_0.is_replay,pe1_0.original_flow_execution_id,pe1_0.pipeline_id,pe1_0.pipeline_url,pe1_0.resume_time,pe1_0.runtime_test_data,pe1_0.start_time,pe1_0.status from pipeline_executions pe1_0 where pe1_0.status=? and pe1_0.resume_time<?
2025-11-13 21:26:14.294 [scheduling-1] INFO  c.t.o.service.SchedulingService - Found 0 scheduled executions ready to resume
2025-11-13 21:27:14.283 [scheduling-1] DEBUG c.t.o.service.SchedulingService - Checking for scheduled pipeline executions ready to resume...
2025-11-13 21:27:14.288 [scheduling-1] DEBUG org.hibernate.SQL - select pe1_0.id,pe1_0.configured_test_data,pe1_0.created_at,pe1_0.end_time,pe1_0.flow_execution_id,pe1_0.flow_id,pe1_0.flow_step_id,pe1_0.is_replay,pe1_0.original_flow_execution_id,pe1_0.pipeline_id,pe1_0.pipeline_url,pe1_0.resume_time,pe1_0.runtime_test_data,pe1_0.start_time,pe1_0.status from pipeline_executions pe1_0 where pe1_0.status=? and pe1_0.resume_time<?
2025-11-13 21:27:14.289 [scheduling-1] INFO  c.t.o.service.SchedulingService - Found 0 scheduled executions ready to resume
2025-11-13 21:28:14.283 [scheduling-1] DEBUG c.t.o.service.SchedulingService - Checking for scheduled pipeline executions ready to resume...
2025-11-13 21:28:14.288 [scheduling-1] DEBUG org.hibernate.SQL - select pe1_0.id,pe1_0.configured_test_data,pe1_0.created_at,pe1_0.end_time,pe1_0.flow_execution_id,pe1_0.flow_id,pe1_0.flow_step_id,pe1_0.is_replay,pe1_0.original_flow_execution_id,pe1_0.pipeline_id,pe1_0.pipeline_url,pe1_0.resume_time,pe1_0.runtime_test_data,pe1_0.start_time,pe1_0.status from pipeline_executions pe1_0 where pe1_0.status=? and pe1_0.resume_time<?
2025-11-13 21:28:14.291 [scheduling-1] INFO  c.t.o.service.SchedulingService - Found 0 scheduled executions ready to resume
2025-11-13 21:29:14.278 [scheduling-1] DEBUG c.t.o.service.SchedulingService - Checking for scheduled pipeline executions ready to resume...
2025-11-13 21:29:14.282 [scheduling-1] DEBUG org.hibernate.SQL - select pe1_0.id,pe1_0.configured_test_data,pe1_0.created_at,pe1_0.end_time,pe1_0.flow_execution_id,pe1_0.flow_id,pe1_0.flow_step_id,pe1_0.is_replay,pe1_0.original_flow_execution_id,pe1_0.pipeline_id,pe1_0.pipeline_url,pe1_0.resume_time,pe1_0.runtime_test_data,pe1_0.start_time,pe1_0.status from pipeline_executions pe1_0 where pe1_0.status=? and pe1_0.resume_time<?
2025-11-13 21:29:14.284 [scheduling-1] INFO  c.t.o.service.SchedulingService - Found 0 scheduled executions ready to resume
2025-11-13 21:34:27.299 [main] INFO  c.t.o.PipelineOrchestratorApplicationTests - Starting PipelineOrchestratorApplicationTests using Java 17.0.16 with PID 5256 (started by Admin in D:\vibe\flow-forge-v1 - before suites - with branch - latest)
2025-11-13 21:34:27.300 [main] DEBUG c.t.o.PipelineOrchestratorApplicationTests - Running with Spring Boot v3.2.0, Spring v6.1.1
2025-11-13 21:34:27.302 [main] INFO  c.t.o.PipelineOrchestratorApplicationTests - The following 1 profile is active: "test"
2025-11-13 21:34:27.371 [main] DEBUG o.s.w.c.s.GenericWebApplicationContext - Refreshing org.springframework.web.context.support.GenericWebApplicationContext@6124287a
2025-11-13 21:34:32.315 [main] WARN  org.hibernate.orm.deprecation - HHH90000025: H2Dialect does not need to be specified explicitly using 'hibernate.dialect' (remove the property setting and it will be selected by default)
2025-11-13 21:34:33.911 [main] DEBUG org.hibernate.SQL - 
    drop table if exists applications cascade 
2025-11-13 21:34:33.919 [main] DEBUG org.hibernate.SQL - 
    drop table if exists flow_executions cascade 
2025-11-13 21:34:33.919 [main] DEBUG org.hibernate.SQL - 
    drop table if exists flow_steps cascade 
2025-11-13 21:34:33.920 [main] DEBUG org.hibernate.SQL - 
    drop table if exists flows cascade 
2025-11-13 21:34:33.920 [main] DEBUG org.hibernate.SQL - 
    drop table if exists pipeline_executions cascade 
2025-11-13 21:34:33.921 [main] DEBUG org.hibernate.SQL - 
    drop table if exists test_data cascade 
2025-11-13 21:34:33.929 [main] DEBUG org.hibernate.SQL - 
    create table applications (
        created_at timestamp(6) not null,
        id bigint generated by default as identity,
        updated_at timestamp(6) not null,
        application_description varchar(255) not null,
        application_name varchar(255) not null,
        gitlab_project_id varchar(255) not null,
        personal_access_token varchar(255) not null,
        project_name varchar(255),
        project_url varchar(255),
        token_status varchar(255) not null check (token_status in ('ACTIVE','EXPIRED','INVALID')),
        primary key (id)
    )
2025-11-13 21:34:33.951 [main] DEBUG org.hibernate.SQL - 
    create table flow_executions (
        created_at timestamp(6) not null,
        end_time timestamp(6),
        flow_id bigint not null,
        start_time timestamp(6),
        id uuid not null,
        status varchar(255) check (status in ('RUNNING','PASSED','FAILED','CANCELLED','SCHEDULED','IN_PROGRESS')),
        runtime_variables json,
        primary key (id)
    )
2025-11-13 21:34:33.955 [main] DEBUG org.hibernate.SQL - 
    create table flow_steps (
        application_id bigint not null,
        created_at timestamp(6) not null,
        id bigint generated by default as identity,
        updated_at timestamp(6) not null,
        branch varchar(255) not null,
        description varchar(255),
        scheduler_type varchar(255),
        test_stage varchar(255) not null,
        test_tag varchar(255) not null,
        timer_days varchar(255),
        timer_hours varchar(255),
        timer_minutes varchar(255),
        squash_step_ids json,
        test_data_ids json,
        primary key (id)
    )
2025-11-13 21:34:33.957 [main] DEBUG org.hibernate.SQL - 
    create table flows (
        created_at timestamp(6) not null,
        id bigint generated by default as identity,
        squash_test_case_id bigint not null,
        updated_at timestamp(6) not null,
        squash_test_case varchar(255) not null,
        flow_step_ids json not null,
        primary key (id)
    )
2025-11-13 21:34:33.959 [main] DEBUG org.hibernate.SQL - 
    create table pipeline_executions (
        is_replay boolean not null,
        created_at timestamp(6) not null,
        end_time timestamp(6),
        flow_id bigint not null,
        flow_step_id bigint not null,
        id bigint generated by default as identity,
        pipeline_id bigint,
        resume_time timestamp(6),
        start_time timestamp(6),
        flow_execution_id uuid not null,
        original_flow_execution_id uuid,
        pipeline_url varchar(255),
        status varchar(255) check (status in ('RUNNING','PASSED','FAILED','CANCELLED','SCHEDULED','IN_PROGRESS')),
        configured_test_data json,
        runtime_test_data json,
        primary key (id)
    )
2025-11-13 21:34:33.961 [main] DEBUG org.hibernate.SQL - 
    create table test_data (
        application_id bigint,
        created_at timestamp(6) not null,
        data_id bigint generated by default as identity,
        updated_at timestamp(6) not null,
        application_name varchar(255) not null,
        category varchar(255) not null,
        description varchar(255),
        variables json not null,
        primary key (data_id)
    )
2025-11-13 21:34:37.283 [main] DEBUG o.s.w.s.s.s.WebSocketHandlerMapping - Patterns [/ws/flow-logs/{flowExecutionUUID}] in 'webSocketHandlerMapping'
2025-11-13 21:34:38.048 [main] WARN  o.s.b.a.o.j.JpaBaseConfiguration$JpaWebConfiguration - spring.jpa.open-in-view is enabled by default. Therefore, database queries may be performed during view rendering. Explicitly configure spring.jpa.open-in-view to disable this warning
2025-11-13 21:34:38.264 [main] DEBUG o.s.w.s.m.m.a.RequestMappingHandlerMapping - 44 mappings in 'requestMappingHandlerMapping'
2025-11-13 21:34:38.426 [main] DEBUG o.s.w.s.h.SimpleUrlHandlerMapping - Patterns [/webjars/**, /**, /swagger-ui*/*swagger-initializer.js, /swagger-ui*/**] in 'resourceHandlerMapping'
2025-11-13 21:34:38.486 [main] DEBUG o.s.w.s.m.m.a.RequestMappingHandlerAdapter - ControllerAdvice beans: 0 @ModelAttribute, 0 @InitBinder, 1 RequestBodyAdvice, 1 ResponseBodyAdvice
2025-11-13 21:34:38.551 [main] DEBUG o.s.w.s.m.m.a.ExceptionHandlerExceptionResolver - ControllerAdvice beans: 2 @ExceptionHandler, 1 ResponseBodyAdvice
2025-11-13 21:34:39.741 [main] INFO  c.t.o.PipelineOrchestratorApplicationTests - Started PipelineOrchestratorApplicationTests in 13.143 seconds (process running for 14.961)
2025-11-13 21:34:39.772 [scheduling-1] DEBUG c.t.o.service.SchedulingService - Checking for scheduled pipeline executions ready to resume...
2025-11-13 21:34:40.036 [scheduling-1] DEBUG org.hibernate.SQL - 
    select
        pe1_0.id,
        pe1_0.configured_test_data,
        pe1_0.created_at,
        pe1_0.end_time,
        pe1_0.flow_execution_id,
        pe1_0.flow_id,
        pe1_0.flow_step_id,
        pe1_0.is_replay,
        pe1_0.original_flow_execution_id,
        pe1_0.pipeline_id,
        pe1_0.pipeline_url,
        pe1_0.resume_time,
        pe1_0.runtime_test_data,
        pe1_0.start_time,
        pe1_0.status 
    from
        pipeline_executions pe1_0 
    where
        pe1_0.status=? 
        and pe1_0.resume_time<?
2025-11-13 21:34:40.106 [scheduling-1] INFO  c.t.o.service.SchedulingService - Found 0 scheduled executions ready to resume
2025-11-13 21:34:40.957 [main] DEBUG c.t.o.util.OutputEnvParser - Parsed variable: KEY1=value1
2025-11-13 21:34:40.958 [main] DEBUG c.t.o.util.OutputEnvParser - Parsed variable: KEY2=value2
2025-11-13 21:34:40.958 [main] INFO  c.t.o.util.OutputEnvParser - Successfully parsed 2 variables from output.env
2025-11-13 21:34:40.978 [main] DEBUG c.t.o.util.OutputEnvParser - Merged 2 new variables with 2 existing variables
2025-11-13 21:34:40.981 [main] DEBUG c.t.o.util.OutputEnvParser - Parsed variable: KEY1=value1
2025-11-13 21:34:40.983 [main] DEBUG c.t.o.util.OutputEnvParser - Parsed variable: KEY2=value2
2025-11-13 21:34:40.985 [main] INFO  c.t.o.util.OutputEnvParser - Successfully parsed 2 variables from output.env
2025-11-13 21:34:40.993 [main] DEBUG c.t.o.util.OutputEnvParser - Parsed variable: KEY1=quoted value
2025-11-13 21:34:40.994 [main] DEBUG c.t.o.util.OutputEnvParser - Parsed variable: KEY2=single quoted
2025-11-13 21:34:40.994 [main] INFO  c.t.o.util.OutputEnvParser - Successfully parsed 2 variables from output.env
2025-11-13 21:34:40.997 [main] DEBUG c.t.o.util.OutputEnvParser - Parsed variable: KEY1=value1
2025-11-13 21:34:40.998 [main] DEBUG c.t.o.util.OutputEnvParser - Parsed variable: KEY2=value2
2025-11-13 21:34:40.998 [main] INFO  c.t.o.util.OutputEnvParser - Successfully parsed 2 variables from output.env
2025-11-13 21:34:41.067 [SpringApplicationShutdownHook] DEBUG o.s.w.c.s.GenericWebApplicationContext - Closing org.springframework.web.context.support.GenericWebApplicationContext@6124287a, started on Thu Nov 13 21:34:27 IST 2025
2025-11-13 21:34:41.095 [SpringApplicationShutdownHook] DEBUG org.hibernate.SQL - 
    drop table if exists applications cascade 
2025-11-13 21:34:41.099 [SpringApplicationShutdownHook] DEBUG org.hibernate.SQL - 
    drop table if exists flow_executions cascade 
2025-11-13 21:34:41.101 [SpringApplicationShutdownHook] DEBUG org.hibernate.SQL - 
    drop table if exists flow_steps cascade 
2025-11-13 21:34:41.102 [SpringApplicationShutdownHook] DEBUG org.hibernate.SQL - 
    drop table if exists flows cascade 
2025-11-13 21:34:41.102 [SpringApplicationShutdownHook] DEBUG org.hibernate.SQL - 
    drop table if exists pipeline_executions cascade 
2025-11-13 21:34:41.103 [SpringApplicationShutdownHook] DEBUG org.hibernate.SQL - 
    drop table if exists test_data cascade 
2025-11-13 21:47:24.538 [main] INFO  c.t.o.PipelineOrchestratorApplication - Starting PipelineOrchestratorApplication using Java 17.0.16 with PID 23284 (D:\vibe\flow-forge-v1 - before suites - with branch - latest\target\classes started by Admin in D:\vibe\flow-forge-v1 - before suites - with branch - latest)
2025-11-13 21:47:24.540 [main] DEBUG c.t.o.PipelineOrchestratorApplication - Running with Spring Boot v3.2.0, Spring v6.1.1
2025-11-13 21:47:24.540 [main] INFO  c.t.o.PipelineOrchestratorApplication - The following 1 profile is active: "local"
2025-11-13 21:47:27.345 [main] WARN  org.hibernate.orm.deprecation - HHH90000025: H2Dialect does not need to be specified explicitly using 'hibernate.dialect' (remove the property setting and it will be selected by default)
2025-11-13 21:47:28.223 [main] DEBUG org.hibernate.SQL - create table applications (id bigint generated by default as identity, application_description varchar(255) not null, application_name varchar(255) not null, created_at timestamp(6) not null, gitlab_project_id varchar(255) not null, personal_access_token varchar(255) not null, project_name varchar(255), project_url varchar(255), token_status varchar(255) not null check (token_status in ('ACTIVE','EXPIRED','INVALID')), updated_at timestamp(6) not null, primary key (id))
2025-11-13 21:47:28.234 [main] DEBUG org.hibernate.SQL - create table flow_executions (id uuid not null, created_at timestamp(6) not null, end_time timestamp(6), flow_id bigint not null, runtime_variables json, start_time timestamp(6), status varchar(255) check (status in ('RUNNING','PASSED','FAILED','CANCELLED','SCHEDULED','IN_PROGRESS')), primary key (id))
2025-11-13 21:47:28.240 [main] DEBUG org.hibernate.SQL - create table flow_steps (id bigint generated by default as identity, application_id bigint not null, branch varchar(255) not null, created_at timestamp(6) not null, description varchar(255), timer_days varchar(255), timer_hours varchar(255), timer_minutes varchar(255), scheduler_type varchar(255), squash_step_ids json, test_data_ids json, test_stage varchar(255) not null, test_tag varchar(255) not null, updated_at timestamp(6) not null, primary key (id))
2025-11-13 21:47:28.241 [main] DEBUG org.hibernate.SQL - create table flows (id bigint generated by default as identity, created_at timestamp(6) not null, flow_step_ids json not null, squash_test_case varchar(255) not null, squash_test_case_id bigint not null, updated_at timestamp(6) not null, primary key (id))
2025-11-13 21:47:28.244 [main] DEBUG org.hibernate.SQL - create table pipeline_executions (id bigint generated by default as identity, configured_test_data json, created_at timestamp(6) not null, end_time timestamp(6), flow_execution_id uuid not null, flow_id bigint not null, flow_step_id bigint not null, is_replay boolean not null, original_flow_execution_id uuid, pipeline_id bigint, pipeline_url varchar(255), resume_time timestamp(6), runtime_test_data json, start_time timestamp(6), status varchar(255) check (status in ('RUNNING','PASSED','FAILED','CANCELLED','SCHEDULED','IN_PROGRESS')), primary key (id))
2025-11-13 21:47:28.245 [main] DEBUG org.hibernate.SQL - create table test_data (data_id bigint generated by default as identity, application_id bigint, application_name varchar(255) not null, category varchar(255) not null, created_at timestamp(6) not null, description varchar(255), updated_at timestamp(6) not null, variables json not null, primary key (data_id))
2025-11-13 21:47:30.010 [main] WARN  o.s.b.a.o.j.JpaBaseConfiguration$JpaWebConfiguration - spring.jpa.open-in-view is enabled by default. Therefore, database queries may be performed during view rendering. Explicitly configure spring.jpa.open-in-view to disable this warning
2025-11-13 21:47:30.804 [main] INFO  c.t.o.PipelineOrchestratorApplication - Started PipelineOrchestratorApplication in 6.855 seconds (process running for 7.248)
2025-11-13 21:47:30.820 [scheduling-1] DEBUG c.t.o.service.SchedulingService - Checking for scheduled pipeline executions ready to resume...
2025-11-13 21:47:30.901 [scheduling-1] DEBUG org.hibernate.SQL - select pe1_0.id,pe1_0.configured_test_data,pe1_0.created_at,pe1_0.end_time,pe1_0.flow_execution_id,pe1_0.flow_id,pe1_0.flow_step_id,pe1_0.is_replay,pe1_0.original_flow_execution_id,pe1_0.pipeline_id,pe1_0.pipeline_url,pe1_0.resume_time,pe1_0.runtime_test_data,pe1_0.start_time,pe1_0.status from pipeline_executions pe1_0 where pe1_0.status=? and pe1_0.resume_time<?
2025-11-13 21:47:30.910 [scheduling-1] INFO  c.t.o.service.SchedulingService - Found 0 scheduled executions ready to resume
2025-11-13 21:47:38.330 [http-nio-8080-exec-1] INFO  o.s.web.servlet.DispatcherServlet - Initializing Servlet 'dispatcherServlet'
2025-11-13 21:47:38.332 [http-nio-8080-exec-1] INFO  o.s.web.servlet.DispatcherServlet - Completed initialization in 2 ms
2025-11-13 21:47:39.506 [http-nio-8080-exec-7] INFO  o.s.api.AbstractOpenApiResource - Init duration for springdoc-openapi is: 848 ms
2025-11-13 21:50:38.181 [main] INFO  c.t.o.PipelineOrchestratorApplicationTests - Starting PipelineOrchestratorApplicationTests using Java 17.0.16 with PID 20964 (started by Admin in D:\vibe\flow-forge-v1 - before suites - with branch - latest)
2025-11-13 21:50:38.183 [main] DEBUG c.t.o.PipelineOrchestratorApplicationTests - Running with Spring Boot v3.2.0, Spring v6.1.1
2025-11-13 21:50:38.185 [main] INFO  c.t.o.PipelineOrchestratorApplicationTests - The following 1 profile is active: "test"
2025-11-13 21:50:38.245 [main] DEBUG o.s.w.c.s.GenericWebApplicationContext - Refreshing org.springframework.web.context.support.GenericWebApplicationContext@6124287a
2025-11-13 21:50:42.526 [main] WARN  org.hibernate.orm.deprecation - HHH90000025: H2Dialect does not need to be specified explicitly using 'hibernate.dialect' (remove the property setting and it will be selected by default)
2025-11-13 21:50:43.822 [main] DEBUG org.hibernate.SQL - 
    drop table if exists applications cascade 
2025-11-13 21:50:43.826 [main] DEBUG org.hibernate.SQL - 
    drop table if exists flow_executions cascade 
2025-11-13 21:50:43.827 [main] DEBUG org.hibernate.SQL - 
    drop table if exists flow_steps cascade 
2025-11-13 21:50:43.827 [main] DEBUG org.hibernate.SQL - 
    drop table if exists flows cascade 
2025-11-13 21:50:43.827 [main] DEBUG org.hibernate.SQL - 
    drop table if exists pipeline_executions cascade 
2025-11-13 21:50:43.827 [main] DEBUG org.hibernate.SQL - 
    drop table if exists test_data cascade 
2025-11-13 21:50:43.837 [main] DEBUG org.hibernate.SQL - 
    create table applications (
        created_at timestamp(6) not null,
        id bigint generated by default as identity,
        updated_at timestamp(6) not null,
        application_description varchar(255) not null,
        application_name varchar(255) not null,
        gitlab_project_id varchar(255) not null,
        personal_access_token varchar(255) not null,
        project_name varchar(255),
        project_url varchar(255),
        token_status varchar(255) not null check (token_status in ('ACTIVE','EXPIRED','INVALID')),
        primary key (id)
    )
2025-11-13 21:50:43.855 [main] DEBUG org.hibernate.SQL - 
    create table flow_executions (
        created_at timestamp(6) not null,
        end_time timestamp(6),
        flow_id bigint not null,
        start_time timestamp(6),
        id uuid not null,
        status varchar(255) check (status in ('RUNNING','PASSED','FAILED','CANCELLED','SCHEDULED','IN_PROGRESS')),
        runtime_variables json,
        primary key (id)
    )
2025-11-13 21:50:43.859 [main] DEBUG org.hibernate.SQL - 
    create table flow_steps (
        application_id bigint not null,
        created_at timestamp(6) not null,
        id bigint generated by default as identity,
        updated_at timestamp(6) not null,
        branch varchar(255) not null,
        description varchar(255),
        scheduler_type varchar(255),
        test_stage varchar(255) not null,
        test_tag varchar(255) not null,
        timer_days varchar(255),
        timer_hours varchar(255),
        timer_minutes varchar(255),
        squash_step_ids json,
        test_data_ids json,
        primary key (id)
    )
2025-11-13 21:50:43.860 [main] DEBUG org.hibernate.SQL - 
    create table flows (
        created_at timestamp(6) not null,
        id bigint generated by default as identity,
        squash_test_case_id bigint not null,
        updated_at timestamp(6) not null,
        squash_test_case varchar(255) not null,
        flow_step_ids json not null,
        primary key (id)
    )
2025-11-13 21:50:43.861 [main] DEBUG org.hibernate.SQL - 
    create table pipeline_executions (
        is_replay boolean not null,
        created_at timestamp(6) not null,
        end_time timestamp(6),
        flow_id bigint not null,
        flow_step_id bigint not null,
        id bigint generated by default as identity,
        pipeline_id bigint,
        resume_time timestamp(6),
        start_time timestamp(6),
        flow_execution_id uuid not null,
        original_flow_execution_id uuid,
        pipeline_url varchar(255),
        status varchar(255) check (status in ('RUNNING','PASSED','FAILED','CANCELLED','SCHEDULED','IN_PROGRESS')),
        configured_test_data json,
        runtime_test_data json,
        primary key (id)
    )
2025-11-13 21:50:43.863 [main] DEBUG org.hibernate.SQL - 
    create table test_data (
        application_id bigint,
        created_at timestamp(6) not null,
        data_id bigint generated by default as identity,
        updated_at timestamp(6) not null,
        application_name varchar(255) not null,
        category varchar(255) not null,
        description varchar(255),
        variables json not null,
        primary key (data_id)
    )
2025-11-13 21:50:46.493 [main] WARN  o.s.w.c.s.GenericWebApplicationContext - Exception encountered during context initialization - cancelling refresh attempt: org.springframework.beans.factory.UnsatisfiedDependencyException: Error creating bean with name 'flowExecutionController': Unsatisfied dependency expressed through field 'flowExecutionService': Error creating bean with name 'flowExecutionService': Unsatisfied dependency expressed through field 'flowExecutionTaskExecutor': No qualifying bean of type 'org.springframework.scheduling.concurrent.ThreadPoolTaskExecutor' available: expected at least 1 bean which qualifies as autowire candidate. Dependency annotations: {@org.springframework.beans.factory.annotation.Autowired(required=true), @org.springframework.beans.factory.annotation.Qualifier("flowExecutionTaskExecutor")}
2025-11-13 21:50:46.495 [main] DEBUG org.hibernate.SQL - 
    drop table if exists applications cascade 
2025-11-13 21:50:46.498 [main] DEBUG org.hibernate.SQL - 
    drop table if exists flow_executions cascade 
2025-11-13 21:50:46.500 [main] DEBUG org.hibernate.SQL - 
    drop table if exists flow_steps cascade 
2025-11-13 21:50:46.502 [main] DEBUG org.hibernate.SQL - 
    drop table if exists flows cascade 
2025-11-13 21:50:46.504 [main] DEBUG org.hibernate.SQL - 
    drop table if exists pipeline_executions cascade 
2025-11-13 21:50:46.505 [main] DEBUG org.hibernate.SQL - 
    drop table if exists test_data cascade 
2025-11-13 21:50:46.558 [main] ERROR o.s.b.d.LoggingFailureAnalysisReporter - 

***************************
APPLICATION FAILED TO START
***************************

Description:

Field flowExecutionTaskExecutor in com.testautomation.orchestrator.service.FlowExecutionService required a bean of type 'org.springframework.scheduling.concurrent.ThreadPoolTaskExecutor' that could not be found.

The injection point has the following annotations:
	- @org.springframework.beans.factory.annotation.Autowired(required=true)


Action:

Consider defining a bean of type 'org.springframework.scheduling.concurrent.ThreadPoolTaskExecutor' in your configuration.

2025-11-13 21:50:46.567 [main] ERROR o.s.test.context.TestContextManager - Caught exception while allowing TestExecutionListener [org.springframework.test.context.web.ServletTestExecutionListener] to prepare test instance [com.testautomation.orchestrator.PipelineOrchestratorApplicationTests@3b5a4aa5]
java.lang.IllegalStateException: Failed to load ApplicationContext for [WebMergedContextConfiguration@78513ad9 testClass = com.testautomation.orchestrator.PipelineOrchestratorApplicationTests, locations = [], classes = [com.testautomation.orchestrator.PipelineOrchestratorApplication], contextInitializerClasses = [], activeProfiles = ["test"], propertySourceDescriptors = [], propertySourceProperties = ["org.springframework.boot.test.context.SpringBootTestContextBootstrapper=true"], contextCustomizers = [org.springframework.boot.test.context.filter.ExcludeFilterContextCustomizer@769a1df5, org.springframework.boot.test.json.DuplicateJsonObjectContextCustomizerFactory$DuplicateJsonObjectContextCustomizer@5167f57d, org.springframework.boot.test.mock.mockito.MockitoContextCustomizer@0, org.springframework.boot.test.web.client.TestRestTemplateContextCustomizer@41488b16, org.springframework.boot.test.web.reactive.server.WebTestClientContextCustomizer@16612a51, org.springframework.boot.test.autoconfigure.actuate.observability.ObservabilityContextCustomizerFactory$DisableObservabilityContextCustomizer@1f, org.springframework.boot.test.autoconfigure.properties.PropertyMappingContextCustomizer@0, org.springframework.boot.test.autoconfigure.web.servlet.WebDriverContextCustomizer@70e38ce1, org.springframework.boot.test.context.SpringBootTestAnnotation@1a65f6f1], resourceBasePath = "src/main/webapp", contextLoader = org.springframework.boot.test.context.SpringBootContextLoader, parent = null]
	at org.springframework.test.context.cache.DefaultCacheAwareContextLoaderDelegate.loadContext(DefaultCacheAwareContextLoaderDelegate.java:180)
	at org.springframework.test.context.support.DefaultTestContext.getApplicationContext(DefaultTestContext.java:130)
	at org.springframework.test.context.web.ServletTestExecutionListener.setUpRequestContextIfNecessary(ServletTestExecutionListener.java:191)
	at org.springframework.test.context.web.ServletTestExecutionListener.prepareTestInstance(ServletTestExecutionListener.java:130)
	at org.springframework.test.context.TestContextManager.prepareTestInstance(TestContextManager.java:247)
	at org.springframework.test.context.junit.jupiter.SpringExtension.postProcessTestInstance(SpringExtension.java:163)
	at org.junit.jupiter.engine.descriptor.ClassBasedTestDescriptor.lambda$invokeTestInstancePostProcessors$10(ClassBasedTestDescriptor.java:378)
	at org.junit.jupiter.engine.descriptor.ClassBasedTestDescriptor.executeAndMaskThrowable(ClassBasedTestDescriptor.java:383)
	at org.junit.jupiter.engine.descriptor.ClassBasedTestDescriptor.lambda$invokeTestInstancePostProcessors$11(ClassBasedTestDescriptor.java:378)
	at java.base/java.util.stream.ReferencePipeline$3$1.accept(ReferencePipeline.java:197)
	at java.base/java.util.stream.ReferencePipeline$2$1.accept(ReferencePipeline.java:179)
	at java.base/java.util.ArrayList$ArrayListSpliterator.forEachRemaining(ArrayList.java:1625)
	at java.base/java.util.stream.AbstractPipeline.copyInto(AbstractPipeline.java:509)
	at java.base/java.util.stream.AbstractPipeline.wrapAndCopyInto(AbstractPipeline.java:499)
	at java.base/java.util.stream.StreamSpliterators$WrappingSpliterator.forEachRemaining(StreamSpliterators.java:310)
	at java.base/java.util.stream.Streams$ConcatSpliterator.forEachRemaining(Streams.java:735)
	at java.base/java.util.stream.Streams$ConcatSpliterator.forEachRemaining(Streams.java:734)
	at java.base/java.util.stream.ReferencePipeline$Head.forEach(ReferencePipeline.java:762)
	at org.junit.jupiter.engine.descriptor.ClassBasedTestDescriptor.invokeTestInstancePostProcessors(ClassBasedTestDescriptor.java:377)
	at org.junit.jupiter.engine.descriptor.ClassBasedTestDescriptor.lambda$instantiateAndPostProcessTestInstance$6(ClassBasedTestDescriptor.java:290)
	at org.junit.platform.engine.support.hierarchical.ThrowableCollector.execute(ThrowableCollector.java:73)
	at org.junit.jupiter.engine.descriptor.ClassBasedTestDescriptor.instantiateAndPostProcessTestInstance(ClassBasedTestDescriptor.java:289)
	at org.junit.jupiter.engine.descriptor.ClassBasedTestDescriptor.lambda$testInstancesProvider$4(ClassBasedTestDescriptor.java:279)
	at java.base/java.util.Optional.orElseGet(Optional.java:364)
	at org.junit.jupiter.engine.descriptor.ClassBasedTestDescriptor.lambda$testInstancesProvider$5(ClassBasedTestDescriptor.java:278)
	at org.junit.jupiter.engine.execution.TestInstancesProvider.getTestInstances(TestInstancesProvider.java:31)
	at org.junit.jupiter.engine.descriptor.TestMethodTestDescriptor.lambda$prepare$0(TestMethodTestDescriptor.java:106)
	at org.junit.platform.engine.support.hierarchical.ThrowableCollector.execute(ThrowableCollector.java:73)
	at org.junit.jupiter.engine.descriptor.TestMethodTestDescriptor.prepare(TestMethodTestDescriptor.java:105)
	at org.junit.jupiter.engine.descriptor.TestMethodTestDescriptor.prepare(TestMethodTestDescriptor.java:69)
	at org.junit.platform.engine.support.hierarchical.NodeTestTask.lambda$prepare$2(NodeTestTask.java:123)
	at org.junit.platform.engine.support.hierarchical.ThrowableCollector.execute(ThrowableCollector.java:73)
	at org.junit.platform.engine.support.hierarchical.NodeTestTask.prepare(NodeTestTask.java:123)
	at org.junit.platform.engine.support.hierarchical.NodeTestTask.execute(NodeTestTask.java:90)
	at java.base/java.util.ArrayList.forEach(ArrayList.java:1511)
	at org.junit.platform.engine.support.hierarchical.SameThreadHierarchicalTestExecutorService.invokeAll(SameThreadHierarchicalTestExecutorService.java:41)
	at org.junit.platform.engine.support.hierarchical.NodeTestTask.lambda$executeRecursively$6(NodeTestTask.java:155)
	at org.junit.platform.engine.support.hierarchical.ThrowableCollector.execute(ThrowableCollector.java:73)
	at org.junit.platform.engine.support.hierarchical.NodeTestTask.lambda$executeRecursively$8(NodeTestTask.java:141)
	at org.junit.platform.engine.support.hierarchical.Node.around(Node.java:137)
	at org.junit.platform.engine.support.hierarchical.NodeTestTask.lambda$executeRecursively$9(NodeTestTask.java:139)
	at org.junit.platform.engine.support.hierarchical.ThrowableCollector.execute(ThrowableCollector.java:73)
	at org.junit.platform.engine.support.hierarchical.NodeTestTask.executeRecursively(NodeTestTask.java:138)
	at org.junit.platform.engine.support.hierarchical.NodeTestTask.execute(NodeTestTask.java:95)
	at java.base/java.util.ArrayList.forEach(ArrayList.java:1511)
	at org.junit.platform.engine.support.hierarchical.SameThreadHierarchicalTestExecutorService.invokeAll(SameThreadHierarchicalTestExecutorService.java:41)
	at org.junit.platform.engine.support.hierarchical.NodeTestTask.lambda$executeRecursively$6(NodeTestTask.java:155)
	at org.junit.platform.engine.support.hierarchical.ThrowableCollector.execute(ThrowableCollector.java:73)
	at org.junit.platform.engine.support.hierarchical.NodeTestTask.lambda$executeRecursively$8(NodeTestTask.java:141)
	at org.junit.platform.engine.support.hierarchical.Node.around(Node.java:137)
	at org.junit.platform.engine.support.hierarchical.NodeTestTask.lambda$executeRecursively$9(NodeTestTask.java:139)
	at org.junit.platform.engine.support.hierarchical.ThrowableCollector.execute(ThrowableCollector.java:73)
	at org.junit.platform.engine.support.hierarchical.NodeTestTask.executeRecursively(NodeTestTask.java:138)
	at org.junit.platform.engine.support.hierarchical.NodeTestTask.execute(NodeTestTask.java:95)
	at org.junit.platform.engine.support.hierarchical.SameThreadHierarchicalTestExecutorService.submit(SameThreadHierarchicalTestExecutorService.java:35)
	at org.junit.platform.engine.support.hierarchical.HierarchicalTestExecutor.execute(HierarchicalTestExecutor.java:57)
	at org.junit.platform.engine.support.hierarchical.HierarchicalTestEngine.execute(HierarchicalTestEngine.java:54)
	at org.junit.platform.launcher.core.EngineExecutionOrchestrator.execute(EngineExecutionOrchestrator.java:198)
	at org.junit.platform.launcher.core.EngineExecutionOrchestrator.execute(EngineExecutionOrchestrator.java:169)
	at org.junit.platform.launcher.core.EngineExecutionOrchestrator.execute(EngineExecutionOrchestrator.java:93)
	at org.junit.platform.launcher.core.EngineExecutionOrchestrator.lambda$execute$0(EngineExecutionOrchestrator.java:58)
	at org.junit.platform.launcher.core.EngineExecutionOrchestrator.withInterceptedStreams(EngineExecutionOrchestrator.java:141)
	at org.junit.platform.launcher.core.EngineExecutionOrchestrator.execute(EngineExecutionOrchestrator.java:57)
	at org.junit.platform.launcher.core.DefaultLauncher.execute(DefaultLauncher.java:103)
	at org.junit.platform.launcher.core.DefaultLauncher.execute(DefaultLauncher.java:85)
	at org.junit.platform.launcher.core.DelegatingLauncher.execute(DelegatingLauncher.java:47)
	at org.apache.maven.surefire.junitplatform.LazyLauncher.execute(LazyLauncher.java:56)
	at org.apache.maven.surefire.junitplatform.JUnitPlatformProvider.execute(JUnitPlatformProvider.java:184)
	at org.apache.maven.surefire.junitplatform.JUnitPlatformProvider.invokeAllTests(JUnitPlatformProvider.java:148)
	at org.apache.maven.surefire.junitplatform.JUnitPlatformProvider.invoke(JUnitPlatformProvider.java:122)
	at org.apache.maven.surefire.booter.ForkedBooter.runSuitesInProcess(ForkedBooter.java:385)
	at org.apache.maven.surefire.booter.ForkedBooter.execute(ForkedBooter.java:162)
	at org.apache.maven.surefire.booter.ForkedBooter.run(ForkedBooter.java:507)
	at org.apache.maven.surefire.booter.ForkedBooter.main(ForkedBooter.java:495)
Caused by: org.springframework.beans.factory.UnsatisfiedDependencyException: Error creating bean with name 'flowExecutionController': Unsatisfied dependency expressed through field 'flowExecutionService': Error creating bean with name 'flowExecutionService': Unsatisfied dependency expressed through field 'flowExecutionTaskExecutor': No qualifying bean of type 'org.springframework.scheduling.concurrent.ThreadPoolTaskExecutor' available: expected at least 1 bean which qualifies as autowire candidate. Dependency annotations: {@org.springframework.beans.factory.annotation.Autowired(required=true), @org.springframework.beans.factory.annotation.Qualifier("flowExecutionTaskExecutor")}
	at org.springframework.beans.factory.annotation.AutowiredAnnotationBeanPostProcessor$AutowiredFieldElement.resolveFieldValue(AutowiredAnnotationBeanPostProcessor.java:772)
	at org.springframework.beans.factory.annotation.AutowiredAnnotationBeanPostProcessor$AutowiredFieldElement.inject(AutowiredAnnotationBeanPostProcessor.java:752)
	at org.springframework.beans.factory.annotation.InjectionMetadata.inject(InjectionMetadata.java:145)
	at org.springframework.beans.factory.annotation.AutowiredAnnotationBeanPostProcessor.postProcessProperties(AutowiredAnnotationBeanPostProcessor.java:493)
	at org.springframework.beans.factory.support.AbstractAutowireCapableBeanFactory.populateBean(AbstractAutowireCapableBeanFactory.java:1420)
	at org.springframework.beans.factory.support.AbstractAutowireCapableBeanFactory.doCreateBean(AbstractAutowireCapableBeanFactory.java:600)
	at org.springframework.beans.factory.support.AbstractAutowireCapableBeanFactory.createBean(AbstractAutowireCapableBeanFactory.java:523)
	at org.springframework.beans.factory.support.AbstractBeanFactory.lambda$doGetBean$0(AbstractBeanFactory.java:325)
	at org.springframework.beans.factory.support.DefaultSingletonBeanRegistry.getSingleton(DefaultSingletonBeanRegistry.java:234)
	at org.springframework.beans.factory.support.AbstractBeanFactory.doGetBean(AbstractBeanFactory.java:323)
	at org.springframework.beans.factory.support.AbstractBeanFactory.getBean(AbstractBeanFactory.java:199)
	at org.springframework.beans.factory.support.DefaultListableBeanFactory.preInstantiateSingletons(DefaultListableBeanFactory.java:973)
	at org.springframework.context.support.AbstractApplicationContext.finishBeanFactoryInitialization(AbstractApplicationContext.java:946)
	at org.springframework.context.support.AbstractApplicationContext.refresh(AbstractApplicationContext.java:616)
	at org.springframework.boot.SpringApplication.refresh(SpringApplication.java:753)
	at org.springframework.boot.SpringApplication.refreshContext(SpringApplication.java:455)
	at org.springframework.boot.SpringApplication.run(SpringApplication.java:323)
	at org.springframework.boot.test.context.SpringBootContextLoader.lambda$loadContext$3(SpringBootContextLoader.java:137)
	at org.springframework.util.function.ThrowingSupplier.get(ThrowingSupplier.java:58)
	at org.springframework.util.function.ThrowingSupplier.get(ThrowingSupplier.java:46)
	at org.springframework.boot.SpringApplication.withHook(SpringApplication.java:1442)
	at org.springframework.boot.test.context.SpringBootContextLoader$ContextLoaderHook.run(SpringBootContextLoader.java:552)
	at org.springframework.boot.test.context.SpringBootContextLoader.loadContext(SpringBootContextLoader.java:137)
	at org.springframework.boot.test.context.SpringBootContextLoader.loadContext(SpringBootContextLoader.java:108)
	at org.springframework.test.context.cache.DefaultCacheAwareContextLoaderDelegate.loadContextInternal(DefaultCacheAwareContextLoaderDelegate.java:225)
	at org.springframework.test.context.cache.DefaultCacheAwareContextLoaderDelegate.loadContext(DefaultCacheAwareContextLoaderDelegate.java:152)
	... 73 common frames omitted
Caused by: org.springframework.beans.factory.UnsatisfiedDependencyException: Error creating bean with name 'flowExecutionService': Unsatisfied dependency expressed through field 'flowExecutionTaskExecutor': No qualifying bean of type 'org.springframework.scheduling.concurrent.ThreadPoolTaskExecutor' available: expected at least 1 bean which qualifies as autowire candidate. Dependency annotations: {@org.springframework.beans.factory.annotation.Autowired(required=true), @org.springframework.beans.factory.annotation.Qualifier("flowExecutionTaskExecutor")}
	at org.springframework.beans.factory.annotation.AutowiredAnnotationBeanPostProcessor$AutowiredFieldElement.resolveFieldValue(AutowiredAnnotationBeanPostProcessor.java:772)
	at org.springframework.beans.factory.annotation.AutowiredAnnotationBeanPostProcessor$AutowiredFieldElement.inject(AutowiredAnnotationBeanPostProcessor.java:752)
	at org.springframework.beans.factory.annotation.InjectionMetadata.inject(InjectionMetadata.java:145)
	at org.springframework.beans.factory.annotation.AutowiredAnnotationBeanPostProcessor.postProcessProperties(AutowiredAnnotationBeanPostProcessor.java:493)
	at org.springframework.beans.factory.support.AbstractAutowireCapableBeanFactory.populateBean(AbstractAutowireCapableBeanFactory.java:1420)
	at org.springframework.beans.factory.support.AbstractAutowireCapableBeanFactory.doCreateBean(AbstractAutowireCapableBeanFactory.java:600)
	at org.springframework.beans.factory.support.AbstractAutowireCapableBeanFactory.createBean(AbstractAutowireCapableBeanFactory.java:523)
	at org.springframework.beans.factory.support.AbstractBeanFactory.lambda$doGetBean$0(AbstractBeanFactory.java:325)
	at org.springframework.beans.factory.support.DefaultSingletonBeanRegistry.getSingleton(DefaultSingletonBeanRegistry.java:234)
	at org.springframework.beans.factory.support.AbstractBeanFactory.doGetBean(AbstractBeanFactory.java:323)
	at org.springframework.beans.factory.support.AbstractBeanFactory.getBean(AbstractBeanFactory.java:199)
	at org.springframework.beans.factory.config.DependencyDescriptor.resolveCandidate(DependencyDescriptor.java:254)
	at org.springframework.beans.factory.support.DefaultListableBeanFactory.doResolveDependency(DefaultListableBeanFactory.java:1441)
	at org.springframework.beans.factory.support.DefaultListableBeanFactory.resolveDependency(DefaultListableBeanFactory.java:1348)
	at org.springframework.beans.factory.annotation.AutowiredAnnotationBeanPostProcessor$AutowiredFieldElement.resolveFieldValue(AutowiredAnnotationBeanPostProcessor.java:769)
	... 98 common frames omitted
Caused by: org.springframework.beans.factory.NoSuchBeanDefinitionException: No qualifying bean of type 'org.springframework.scheduling.concurrent.ThreadPoolTaskExecutor' available: expected at least 1 bean which qualifies as autowire candidate. Dependency annotations: {@org.springframework.beans.factory.annotation.Autowired(required=true), @org.springframework.beans.factory.annotation.Qualifier("flowExecutionTaskExecutor")}
	at org.springframework.beans.factory.support.DefaultListableBeanFactory.raiseNoMatchingBeanFound(DefaultListableBeanFactory.java:1878)
	at org.springframework.beans.factory.support.DefaultListableBeanFactory.doResolveDependency(DefaultListableBeanFactory.java:1404)
	at org.springframework.beans.factory.support.DefaultListableBeanFactory.resolveDependency(DefaultListableBeanFactory.java:1348)
	at org.springframework.beans.factory.annotation.AutowiredAnnotationBeanPostProcessor$AutowiredFieldElement.resolveFieldValue(AutowiredAnnotationBeanPostProcessor.java:769)
	... 112 common frames omitted
2025-11-13 21:50:46.625 [main] DEBUG c.t.o.util.OutputEnvParser - Parsed variable: KEY1=value1
2025-11-13 21:50:46.628 [main] DEBUG c.t.o.util.OutputEnvParser - Parsed variable: KEY2=value2
2025-11-13 21:50:46.629 [main] INFO  c.t.o.util.OutputEnvParser - Successfully parsed 2 variables from output.env
2025-11-13 21:50:46.648 [main] DEBUG c.t.o.util.OutputEnvParser - Merged 2 new variables with 2 existing variables
2025-11-13 21:50:46.651 [main] DEBUG c.t.o.util.OutputEnvParser - Parsed variable: KEY1=value1
2025-11-13 21:50:46.652 [main] DEBUG c.t.o.util.OutputEnvParser - Parsed variable: KEY2=value2
2025-11-13 21:50:46.654 [main] INFO  c.t.o.util.OutputEnvParser - Successfully parsed 2 variables from output.env
2025-11-13 21:50:46.656 [main] DEBUG c.t.o.util.OutputEnvParser - Parsed variable: KEY1=quoted value
2025-11-13 21:50:46.656 [main] DEBUG c.t.o.util.OutputEnvParser - Parsed variable: KEY2=single quoted
2025-11-13 21:50:46.656 [main] INFO  c.t.o.util.OutputEnvParser - Successfully parsed 2 variables from output.env
2025-11-13 21:50:46.657 [main] DEBUG c.t.o.util.OutputEnvParser - Parsed variable: KEY1=value1
2025-11-13 21:50:46.657 [main] DEBUG c.t.o.util.OutputEnvParser - Parsed variable: KEY2=value2
2025-11-13 21:50:46.657 [main] INFO  c.t.o.util.OutputEnvParser - Successfully parsed 2 variables from output.env
2025-11-13 21:51:36.945 [main] INFO  c.t.o.PipelineOrchestratorApplicationTests - Starting PipelineOrchestratorApplicationTests using Java 17.0.16 with PID 22136 (started by Admin in D:\vibe\flow-forge-v1 - before suites - with branch - latest)
2025-11-13 21:51:36.946 [main] DEBUG c.t.o.PipelineOrchestratorApplicationTests - Running with Spring Boot v3.2.0, Spring v6.1.1
2025-11-13 21:51:36.947 [main] INFO  c.t.o.PipelineOrchestratorApplicationTests - The following 1 profile is active: "test"
2025-11-13 21:51:37.014 [main] DEBUG o.s.w.c.s.GenericWebApplicationContext - Refreshing org.springframework.web.context.support.GenericWebApplicationContext@6124287a
2025-11-13 21:51:41.136 [main] WARN  org.hibernate.orm.deprecation - HHH90000025: H2Dialect does not need to be specified explicitly using 'hibernate.dialect' (remove the property setting and it will be selected by default)
2025-11-13 21:51:42.570 [main] DEBUG org.hibernate.SQL - 
    drop table if exists applications cascade 
2025-11-13 21:51:42.574 [main] DEBUG org.hibernate.SQL - 
    drop table if exists flow_executions cascade 
2025-11-13 21:51:42.574 [main] DEBUG org.hibernate.SQL - 
    drop table if exists flow_steps cascade 
2025-11-13 21:51:42.575 [main] DEBUG org.hibernate.SQL - 
    drop table if exists flows cascade 
2025-11-13 21:51:42.575 [main] DEBUG org.hibernate.SQL - 
    drop table if exists pipeline_executions cascade 
2025-11-13 21:51:42.575 [main] DEBUG org.hibernate.SQL - 
    drop table if exists test_data cascade 
2025-11-13 21:51:42.582 [main] DEBUG org.hibernate.SQL - 
    create table applications (
        created_at timestamp(6) not null,
        id bigint generated by default as identity,
        updated_at timestamp(6) not null,
        application_description varchar(255) not null,
        application_name varchar(255) not null,
        gitlab_project_id varchar(255) not null,
        personal_access_token varchar(255) not null,
        project_name varchar(255),
        project_url varchar(255),
        token_status varchar(255) not null check (token_status in ('ACTIVE','EXPIRED','INVALID')),
        primary key (id)
    )
2025-11-13 21:51:42.599 [main] DEBUG org.hibernate.SQL - 
    create table flow_executions (
        created_at timestamp(6) not null,
        end_time timestamp(6),
        flow_id bigint not null,
        start_time timestamp(6),
        id uuid not null,
        status varchar(255) check (status in ('RUNNING','PASSED','FAILED','CANCELLED','SCHEDULED','IN_PROGRESS')),
        runtime_variables json,
        primary key (id)
    )
2025-11-13 21:51:42.602 [main] DEBUG org.hibernate.SQL - 
    create table flow_steps (
        application_id bigint not null,
        created_at timestamp(6) not null,
        id bigint generated by default as identity,
        updated_at timestamp(6) not null,
        branch varchar(255) not null,
        description varchar(255),
        scheduler_type varchar(255),
        test_stage varchar(255) not null,
        test_tag varchar(255) not null,
        timer_days varchar(255),
        timer_hours varchar(255),
        timer_minutes varchar(255),
        squash_step_ids json,
        test_data_ids json,
        primary key (id)
    )
2025-11-13 21:51:42.604 [main] DEBUG org.hibernate.SQL - 
    create table flows (
        created_at timestamp(6) not null,
        id bigint generated by default as identity,
        squash_test_case_id bigint not null,
        updated_at timestamp(6) not null,
        squash_test_case varchar(255) not null,
        flow_step_ids json not null,
        primary key (id)
    )
2025-11-13 21:51:42.605 [main] DEBUG org.hibernate.SQL - 
    create table pipeline_executions (
        is_replay boolean not null,
        created_at timestamp(6) not null,
        end_time timestamp(6),
        flow_id bigint not null,
        flow_step_id bigint not null,
        id bigint generated by default as identity,
        pipeline_id bigint,
        resume_time timestamp(6),
        start_time timestamp(6),
        flow_execution_id uuid not null,
        original_flow_execution_id uuid,
        pipeline_url varchar(255),
        status varchar(255) check (status in ('RUNNING','PASSED','FAILED','CANCELLED','SCHEDULED','IN_PROGRESS')),
        configured_test_data json,
        runtime_test_data json,
        primary key (id)
    )
2025-11-13 21:51:42.607 [main] DEBUG org.hibernate.SQL - 
    create table test_data (
        application_id bigint,
        created_at timestamp(6) not null,
        data_id bigint generated by default as identity,
        updated_at timestamp(6) not null,
        application_name varchar(255) not null,
        category varchar(255) not null,
        description varchar(255),
        variables json not null,
        primary key (data_id)
    )
2025-11-13 21:51:45.610 [main] DEBUG o.s.w.s.s.s.WebSocketHandlerMapping - Patterns [/ws/flow-logs/{flowExecutionUUID}] in 'webSocketHandlerMapping'
2025-11-13 21:51:46.277 [main] WARN  o.s.b.a.o.j.JpaBaseConfiguration$JpaWebConfiguration - spring.jpa.open-in-view is enabled by default. Therefore, database queries may be performed during view rendering. Explicitly configure spring.jpa.open-in-view to disable this warning
2025-11-13 21:51:46.518 [main] DEBUG o.s.w.s.m.m.a.RequestMappingHandlerMapping - 46 mappings in 'requestMappingHandlerMapping'
2025-11-13 21:51:46.685 [main] DEBUG o.s.w.s.h.SimpleUrlHandlerMapping - Patterns [/webjars/**, /**, /swagger-ui*/*swagger-initializer.js, /swagger-ui*/**] in 'resourceHandlerMapping'
2025-11-13 21:51:46.747 [main] DEBUG o.s.w.s.m.m.a.RequestMappingHandlerAdapter - ControllerAdvice beans: 0 @ModelAttribute, 0 @InitBinder, 1 RequestBodyAdvice, 1 ResponseBodyAdvice
2025-11-13 21:51:46.811 [main] DEBUG o.s.w.s.m.m.a.ExceptionHandlerExceptionResolver - ControllerAdvice beans: 2 @ExceptionHandler, 1 ResponseBodyAdvice
2025-11-13 21:51:47.975 [main] INFO  c.t.o.PipelineOrchestratorApplicationTests - Started PipelineOrchestratorApplicationTests in 11.586 seconds (process running for 12.944)
2025-11-13 21:51:48.005 [scheduling-1] DEBUG c.t.o.service.SchedulingService - Checking for scheduled pipeline executions ready to resume...
2025-11-13 21:51:48.298 [scheduling-1] DEBUG org.hibernate.SQL - 
    select
        pe1_0.id,
        pe1_0.configured_test_data,
        pe1_0.created_at,
        pe1_0.end_time,
        pe1_0.flow_execution_id,
        pe1_0.flow_id,
        pe1_0.flow_step_id,
        pe1_0.is_replay,
        pe1_0.original_flow_execution_id,
        pe1_0.pipeline_id,
        pe1_0.pipeline_url,
        pe1_0.resume_time,
        pe1_0.runtime_test_data,
        pe1_0.start_time,
        pe1_0.status 
    from
        pipeline_executions pe1_0 
    where
        pe1_0.status=? 
        and pe1_0.resume_time<?
2025-11-13 21:51:48.357 [scheduling-1] INFO  c.t.o.service.SchedulingService - Found 0 scheduled executions ready to resume
2025-11-13 21:51:49.155 [main] DEBUG c.t.o.util.OutputEnvParser - Parsed variable: KEY1=value1
2025-11-13 21:51:49.156 [main] DEBUG c.t.o.util.OutputEnvParser - Parsed variable: KEY2=value2
2025-11-13 21:51:49.156 [main] INFO  c.t.o.util.OutputEnvParser - Successfully parsed 2 variables from output.env
2025-11-13 21:51:49.180 [main] DEBUG c.t.o.util.OutputEnvParser - Merged 2 new variables with 2 existing variables
2025-11-13 21:51:49.183 [main] DEBUG c.t.o.util.OutputEnvParser - Parsed variable: KEY1=value1
2025-11-13 21:51:49.185 [main] DEBUG c.t.o.util.OutputEnvParser - Parsed variable: KEY2=value2
2025-11-13 21:51:49.185 [main] INFO  c.t.o.util.OutputEnvParser - Successfully parsed 2 variables from output.env
2025-11-13 21:51:49.193 [main] DEBUG c.t.o.util.OutputEnvParser - Parsed variable: KEY1=quoted value
2025-11-13 21:51:49.194 [main] DEBUG c.t.o.util.OutputEnvParser - Parsed variable: KEY2=single quoted
2025-11-13 21:51:49.194 [main] INFO  c.t.o.util.OutputEnvParser - Successfully parsed 2 variables from output.env
2025-11-13 21:51:49.196 [main] DEBUG c.t.o.util.OutputEnvParser - Parsed variable: KEY1=value1
2025-11-13 21:51:49.196 [main] DEBUG c.t.o.util.OutputEnvParser - Parsed variable: KEY2=value2
2025-11-13 21:51:49.196 [main] INFO  c.t.o.util.OutputEnvParser - Successfully parsed 2 variables from output.env
2025-11-13 21:51:49.261 [SpringApplicationShutdownHook] DEBUG o.s.w.c.s.GenericWebApplicationContext - Closing org.springframework.web.context.support.GenericWebApplicationContext@6124287a, started on Thu Nov 13 21:51:37 IST 2025
2025-11-13 21:51:49.308 [SpringApplicationShutdownHook] DEBUG org.hibernate.SQL - 
    drop table if exists applications cascade 
2025-11-13 21:51:49.312 [SpringApplicationShutdownHook] DEBUG org.hibernate.SQL - 
    drop table if exists flow_executions cascade 
2025-11-13 21:51:49.313 [SpringApplicationShutdownHook] DEBUG org.hibernate.SQL - 
    drop table if exists flow_steps cascade 
2025-11-13 21:51:49.314 [SpringApplicationShutdownHook] DEBUG org.hibernate.SQL - 
    drop table if exists flows cascade 
2025-11-13 21:51:49.315 [SpringApplicationShutdownHook] DEBUG org.hibernate.SQL - 
    drop table if exists pipeline_executions cascade 
2025-11-13 21:51:49.317 [SpringApplicationShutdownHook] DEBUG org.hibernate.SQL - 
    drop table if exists test_data cascade 
2025-11-13 22:03:33.166 [main] INFO  c.t.o.PipelineOrchestratorApplication - Starting PipelineOrchestratorApplication using Java 17.0.16 with PID 13044 (D:\vibe\flow-forge-v1 - before suites - with branch - latest\target\classes started by Admin in D:\vibe\flow-forge-v1 - before suites - with branch - latest)
2025-11-13 22:03:33.169 [main] DEBUG c.t.o.PipelineOrchestratorApplication - Running with Spring Boot v3.2.0, Spring v6.1.1
2025-11-13 22:03:33.170 [main] INFO  c.t.o.PipelineOrchestratorApplication - The following 1 profile is active: "local"
2025-11-13 22:03:35.924 [main] WARN  org.hibernate.orm.deprecation - HHH90000025: H2Dialect does not need to be specified explicitly using 'hibernate.dialect' (remove the property setting and it will be selected by default)
2025-11-13 22:03:36.816 [main] DEBUG org.hibernate.SQL - create table applications (id bigint generated by default as identity, application_description varchar(255) not null, application_name varchar(255) not null, created_at timestamp(6) not null, gitlab_project_id varchar(255) not null, personal_access_token varchar(255) not null, project_name varchar(255), project_url varchar(255), token_status varchar(255) not null check (token_status in ('ACTIVE','EXPIRED','INVALID')), updated_at timestamp(6) not null, primary key (id))
2025-11-13 22:03:36.829 [main] DEBUG org.hibernate.SQL - create table flow_executions (id uuid not null, created_at timestamp(6) not null, end_time timestamp(6), flow_id bigint not null, runtime_variables json, start_time timestamp(6), status varchar(255) check (status in ('RUNNING','PASSED','FAILED','CANCELLED','SCHEDULED','IN_PROGRESS')), primary key (id))
2025-11-13 22:03:36.831 [main] DEBUG org.hibernate.SQL - create table flow_steps (id bigint generated by default as identity, application_id bigint not null, branch varchar(255) not null, created_at timestamp(6) not null, description varchar(255), timer_days varchar(255), timer_hours varchar(255), timer_minutes varchar(255), scheduler_type varchar(255), squash_step_ids json, test_data_ids json, test_stage varchar(255) not null, test_tag varchar(255) not null, updated_at timestamp(6) not null, primary key (id))
2025-11-13 22:03:36.834 [main] DEBUG org.hibernate.SQL - create table flows (id bigint generated by default as identity, created_at timestamp(6) not null, flow_step_ids json not null, squash_test_case varchar(255) not null, squash_test_case_id bigint not null, updated_at timestamp(6) not null, primary key (id))
2025-11-13 22:03:36.835 [main] DEBUG org.hibernate.SQL - create table pipeline_executions (id bigint generated by default as identity, configured_test_data json, created_at timestamp(6) not null, end_time timestamp(6), flow_execution_id uuid not null, flow_id bigint not null, flow_step_id bigint not null, is_replay boolean not null, original_flow_execution_id uuid, pipeline_id bigint, pipeline_url varchar(255), resume_time timestamp(6), runtime_test_data json, start_time timestamp(6), status varchar(255) check (status in ('RUNNING','PASSED','FAILED','CANCELLED','SCHEDULED','IN_PROGRESS')), primary key (id))
2025-11-13 22:03:36.837 [main] DEBUG org.hibernate.SQL - create table test_data (data_id bigint generated by default as identity, application_id bigint, application_name varchar(255) not null, category varchar(255) not null, created_at timestamp(6) not null, description varchar(255), updated_at timestamp(6) not null, variables json not null, primary key (data_id))
2025-11-13 22:03:38.615 [main] WARN  o.s.b.a.o.j.JpaBaseConfiguration$JpaWebConfiguration - spring.jpa.open-in-view is enabled by default. Therefore, database queries may be performed during view rendering. Explicitly configure spring.jpa.open-in-view to disable this warning
2025-11-13 22:03:39.420 [main] INFO  c.t.o.PipelineOrchestratorApplication - Started PipelineOrchestratorApplication in 6.852 seconds (process running for 7.288)
2025-11-13 22:03:39.439 [scheduling-1] DEBUG c.t.o.service.SchedulingService - Checking for scheduled pipeline executions ready to resume...
2025-11-13 22:03:39.517 [scheduling-1] DEBUG org.hibernate.SQL - select pe1_0.id,pe1_0.configured_test_data,pe1_0.created_at,pe1_0.end_time,pe1_0.flow_execution_id,pe1_0.flow_id,pe1_0.flow_step_id,pe1_0.is_replay,pe1_0.original_flow_execution_id,pe1_0.pipeline_id,pe1_0.pipeline_url,pe1_0.resume_time,pe1_0.runtime_test_data,pe1_0.start_time,pe1_0.status from pipeline_executions pe1_0 where pe1_0.status=? and pe1_0.resume_time<?
2025-11-13 22:03:39.527 [scheduling-1] INFO  c.t.o.service.SchedulingService - Found 0 scheduled executions ready to resume
2025-11-13 22:03:48.644 [http-nio-8080-exec-1] INFO  o.s.web.servlet.DispatcherServlet - Initializing Servlet 'dispatcherServlet'
2025-11-13 22:03:48.647 [http-nio-8080-exec-1] INFO  o.s.web.servlet.DispatcherServlet - Completed initialization in 3 ms
2025-11-13 22:03:49.545 [http-nio-8080-exec-4] INFO  o.s.api.AbstractOpenApiResource - Init duration for springdoc-openapi is: 793 ms
2025-11-13 22:04:39.429 [scheduling-1] DEBUG c.t.o.service.SchedulingService - Checking for scheduled pipeline executions ready to resume...
2025-11-13 22:04:39.436 [scheduling-1] DEBUG org.hibernate.SQL - select pe1_0.id,pe1_0.configured_test_data,pe1_0.created_at,pe1_0.end_time,pe1_0.flow_execution_id,pe1_0.flow_id,pe1_0.flow_step_id,pe1_0.is_replay,pe1_0.original_flow_execution_id,pe1_0.pipeline_id,pe1_0.pipeline_url,pe1_0.resume_time,pe1_0.runtime_test_data,pe1_0.start_time,pe1_0.status from pipeline_executions pe1_0 where pe1_0.status=? and pe1_0.resume_time<?
2025-11-13 22:04:39.437 [scheduling-1] INFO  c.t.o.service.SchedulingService - Found 0 scheduled executions ready to resume
