<?xml version="1.0" encoding="UTF-8"?>
<testsuite xmlns:xsi="http://www.w3.org/2001/XMLSchema-instance" xsi:noNamespaceSchemaLocation="https://maven.apache.org/surefire/maven-surefire-plugin/xsd/surefire-test-report-3.0.xsd" version="3.0" name="com.testautomation.orchestrator.PipelineOrchestratorApplicationTests" time="24.375" tests="1" errors="0" skipped="0" failures="0">
  <properties>
[...]
</properties>
  <testcase name="contextLoads" classname="com.testautomation.orchestrator.PipelineOrchestratorApplicationTests" time="1.795">
    <system-out><![CDATA[19:51:10.015 [main] INFO org.springframework.test.context.support.AnnotationConfigContextLoaderUtils -- Could not detect default configuration classes for test class [com.testautomation.orchestrator.PipelineOrchestratorApplicationTests]: PipelineOrchestratorApplicationTests does not declare any static, non-private, non-final, nested classes annotated with @Configuration.
19:51:10.328 [main] INFO org.springframework.boot.test.context.SpringBootTestContextBootstrapper -- Found @SpringBootConfiguration com.testautomation.orchestrator.PipelineOrchestratorApplication for test class com.testautomation.orchestrator.PipelineOrchestratorApplicationTests

  .   ____          _            __ _ _
 /\\ / ___'_ __ _ _(_)_ __  __ _ \ \ \ \
( ( )\___ | '_ | '_| | '_ \/ _` | \ \ \ \
 \\/  ___)| |_)| | | | | || (_| |  ) ) ) )
  '  |____| .__|_| |_|_| |_\__, | / / / /
 =========|_|==============|___/=/_/_/_/
 :: Spring Boot ::                (v3.2.0)

2025-09-24T19:51:11.737+05:30  INFO 34868 --- [           main] t.o.PipelineOrchestratorApplicationTests : Starting PipelineOrchestratorApplicationTests using Java 17.0.12 with PID 34868 (started by Admin in D:\vibe\ff-local-after-analytics)
2025-09-24T19:51:11.739+05:30 DEBUG 34868 --- [           main] t.o.PipelineOrchestratorApplicationTests : Running with Spring Boot v3.2.0, Spring v6.1.1
2025-09-24T19:51:11.740+05:30  INFO 34868 --- [           main] t.o.PipelineOrchestratorApplicationTests : The following 1 profile is active: "test"
2025-09-24T19:51:11.827+05:30 DEBUG 34868 --- [           main] o.s.w.c.s.GenericWebApplicationContext   : Refreshing org.springframework.web.context.support.GenericWebApplicationContext@4fe01805
2025-09-24T19:51:15.229+05:30  INFO 34868 --- [           main] .s.d.r.c.RepositoryConfigurationDelegate : Bootstrapping Spring Data JPA repositories in DEFAULT mode.
2025-09-24T19:51:15.632+05:30  INFO 34868 --- [           main] .s.d.r.c.RepositoryConfigurationDelegate : Finished Spring Data repository scanning in 384 ms. Found 6 JPA repository interfaces.
2025-09-24T19:51:17.690+05:30  INFO 34868 --- [           main] o.hibernate.jpa.internal.util.LogHelper  : HHH000204: Processing PersistenceUnitInfo [name: default]
2025-09-24T19:51:17.857+05:30  INFO 34868 --- [           main] org.hibernate.Version                    : HHH000412: Hibernate ORM core version 6.3.1.Final
2025-09-24T19:51:17.969+05:30  INFO 34868 --- [           main] o.h.c.internal.RegionFactoryInitiator    : HHH000026: Second-level cache disabled
2025-09-24T19:51:18.806+05:30  INFO 34868 --- [           main] o.s.o.j.p.SpringPersistenceUnitInfo      : No LoadTimeWeaver setup: ignoring JPA class transformer
2025-09-24T19:51:18.873+05:30  INFO 34868 --- [           main] com.zaxxer.hikari.HikariDataSource       : HikariPool-1 - Starting...
2025-09-24T19:51:19.357+05:30  INFO 34868 --- [           main] com.zaxxer.hikari.pool.HikariPool        : HikariPool-1 - Added connection conn0: url=jdbc:h2:mem:testdb user=SA
2025-09-24T19:51:19.361+05:30  INFO 34868 --- [           main] com.zaxxer.hikari.HikariDataSource       : HikariPool-1 - Start completed.
2025-09-24T19:51:19.417+05:30  WARN 34868 --- [           main] org.hibernate.orm.deprecation            : HHH90000025: H2Dialect does not need to be specified explicitly using 'hibernate.dialect' (remove the property setting and it will be selected by default)
2025-09-24T19:51:21.739+05:30  INFO 34868 --- [           main] o.h.e.t.j.p.i.JtaPlatformInitiator       : HHH000489: No JTA platform available (set 'hibernate.transaction.jta.platform' to enable JTA platform integration)
2025-09-24T19:51:21.769+05:30 DEBUG 34868 --- [           main] org.hibernate.SQL                        : 
    drop table if exists applications cascade 
Hibernate: 
    drop table if exists applications cascade 
2025-09-24T19:51:21.776+05:30 DEBUG 34868 --- [           main] org.hibernate.SQL                        : 
    drop table if exists flow_executions cascade 
Hibernate: 
    drop table if exists flow_executions cascade 
2025-09-24T19:51:21.777+05:30 DEBUG 34868 --- [           main] org.hibernate.SQL                        : 
    drop table if exists flow_steps cascade 
Hibernate: 
    drop table if exists flow_steps cascade 
2025-09-24T19:51:21.778+05:30 DEBUG 34868 --- [           main] org.hibernate.SQL                        : 
    drop table if exists flows cascade 
Hibernate: 
    drop table if exists flows cascade 
2025-09-24T19:51:21.779+05:30 DEBUG 34868 --- [           main] org.hibernate.SQL                        : 
    drop table if exists pipeline_executions cascade 
Hibernate: 
    drop table if exists pipeline_executions cascade 
2025-09-24T19:51:21.779+05:30 DEBUG 34868 --- [           main] org.hibernate.SQL                        : 
    drop table if exists test_data cascade 
Hibernate: 
    drop table if exists test_data cascade 
2025-09-24T19:51:21.790+05:30 DEBUG 34868 --- [           main] org.hibernate.SQL                        : 
    create table applications (
        created_at timestamp(6) not null,
        id bigint generated by default as identity,
        updated_at timestamp(6) not null,
        application_description varchar(255) not null,
        application_name varchar(255) not null,
        gitlab_project_id varchar(255) not null,
        personal_access_token varchar(255) not null,
        project_name varchar(255),
        project_url varchar(255),
        primary key (id)
    )
Hibernate: 
    create table applications (
        created_at timestamp(6) not null,
        id bigint generated by default as identity,
        updated_at timestamp(6) not null,
        application_description varchar(255) not null,
        application_name varchar(255) not null,
        gitlab_project_id varchar(255) not null,
        personal_access_token varchar(255) not null,
        project_name varchar(255),
        project_url varchar(255),
        primary key (id)
    )
2025-09-24T19:51:21.808+05:30 DEBUG 34868 --- [           main] org.hibernate.SQL                        : 
    create table flow_executions (
        created_at timestamp(6) not null,
        end_time timestamp(6),
        flow_id bigint not null,
        start_time timestamp(6),
        id uuid not null,
        status varchar(255) check (status in ('RUNNING','PASSED','FAILED','CANCELLED')),
        runtime_variables json,
        primary key (id)
    )
Hibernate: 
    create table flow_executions (
        created_at timestamp(6) not null,
        end_time timestamp(6),
        flow_id bigint not null,
        start_time timestamp(6),
        id uuid not null,
        status varchar(255) check (status in ('RUNNING','PASSED','FAILED','CANCELLED')),
        runtime_variables json,
        primary key (id)
    )
2025-09-24T19:51:21.819+05:30 DEBUG 34868 --- [           main] org.hibernate.SQL                        : 
    create table flow_steps (
        application_id bigint not null,
        created_at timestamp(6) not null,
        id bigint generated by default as identity,
        updated_at timestamp(6) not null,
        branch varchar(255) not null,
        test_stage varchar(255) not null,
        test_tag varchar(255) not null,
        squash_step_ids json,
        test_data_ids json,
        primary key (id)
    )
Hibernate: 
    create table flow_steps (
        application_id bigint not null,
        created_at timestamp(6) not null,
        id bigint generated by default as identity,
        updated_at timestamp(6) not null,
        branch varchar(255) not null,
        test_stage varchar(255) not null,
        test_tag varchar(255) not null,
        squash_step_ids json,
        test_data_ids json,
        primary key (id)
    )
2025-09-24T19:51:21.823+05:30 DEBUG 34868 --- [           main] org.hibernate.SQL                        : 
    create table flows (
        created_at timestamp(6) not null,
        id bigint generated by default as identity,
        squash_test_case_id bigint not null,
        updated_at timestamp(6) not null,
        flow_step_ids json not null,
        primary key (id)
    )
Hibernate: 
    create table flows (
        created_at timestamp(6) not null,
        id bigint generated by default as identity,
        squash_test_case_id bigint not null,
        updated_at timestamp(6) not null,
        flow_step_ids json not null,
        primary key (id)
    )
2025-09-24T19:51:21.826+05:30 DEBUG 34868 --- [           main] org.hibernate.SQL                        : 
    create table pipeline_executions (
        is_replay boolean not null,
        created_at timestamp(6) not null,
        end_time timestamp(6),
        flow_id bigint not null,
        flow_step_id bigint not null,
        id bigint generated by default as identity,
        pipeline_id bigint,
        start_time timestamp(6),
        flow_execution_id uuid not null,
        original_flow_execution_id uuid,
        pipeline_url varchar(255),
        status varchar(255) check (status in ('RUNNING','PASSED','FAILED','CANCELLED')),
        configured_test_data json,
        runtime_test_data json,
        primary key (id)
    )
Hibernate: 
    create table pipeline_executions (
        is_replay boolean not null,
        created_at timestamp(6) not null,
        end_time timestamp(6),
        flow_id bigint not null,
        flow_step_id bigint not null,
        id bigint generated by default as identity,
        pipeline_id bigint,
        start_time timestamp(6),
        flow_execution_id uuid not null,
        original_flow_execution_id uuid,
        pipeline_url varchar(255),
        status varchar(255) check (status in ('RUNNING','PASSED','FAILED','CANCELLED')),
        configured_test_data json,
        runtime_test_data json,
        primary key (id)
    )
2025-09-24T19:51:21.830+05:30 DEBUG 34868 --- [           main] org.hibernate.SQL                        : 
    create table test_data (
        created_at timestamp(6) not null,
        data_id bigint generated by default as identity,
        updated_at timestamp(6) not null,
        test_data json not null,
        primary key (data_id)
    )
Hibernate: 
    create table test_data (
        created_at timestamp(6) not null,
        data_id bigint generated by default as identity,
        updated_at timestamp(6) not null,
        test_data json not null,
        primary key (data_id)
    )
2025-09-24T19:51:21.839+05:30  INFO 34868 --- [           main] j.LocalContainerEntityManagerFactoryBean : Initialized JPA EntityManagerFactory for persistence unit 'default'
2025-09-24T19:51:23.107+05:30  INFO 34868 --- [           main] o.s.d.j.r.query.QueryEnhancerFactory     : Hibernate is in classpath; If applicable, HQL parser will be used.
2025-09-24T19:51:28.384+05:30  WARN 34868 --- [           main] JpaBaseConfiguration$JpaWebConfiguration : spring.jpa.open-in-view is enabled by default. Therefore, database queries may be performed during view rendering. Explicitly configure spring.jpa.open-in-view to disable this warning
2025-09-24T19:51:28.860+05:30 DEBUG 34868 --- [           main] s.w.s.m.m.a.RequestMappingHandlerMapping : 53 mappings in 'requestMappingHandlerMapping'
2025-09-24T19:51:29.201+05:30 DEBUG 34868 --- [           main] o.s.w.s.handler.SimpleUrlHandlerMapping  : Patterns [/webjars/**, /**, /swagger-ui*/*swagger-initializer.js, /swagger-ui*/**] in 'resourceHandlerMapping'
2025-09-24T19:51:29.373+05:30 DEBUG 34868 --- [           main] s.w.s.m.m.a.RequestMappingHandlerAdapter : ControllerAdvice beans: 0 @ModelAttribute, 0 @InitBinder, 1 RequestBodyAdvice, 1 ResponseBodyAdvice
2025-09-24T19:51:29.534+05:30 DEBUG 34868 --- [           main] .m.m.a.ExceptionHandlerExceptionResolver : ControllerAdvice beans: 2 @ExceptionHandler, 1 ResponseBodyAdvice
2025-09-24T19:51:31.466+05:30  INFO 34868 --- [           main] o.s.b.a.h2.H2ConsoleAutoConfiguration    : H2 console available at '/h2-console'. Database available at 'jdbc:h2:mem:testdb'
2025-09-24T19:51:31.653+05:30  INFO 34868 --- [           main] o.s.b.a.e.web.EndpointLinksResolver      : Exposing 3 endpoint(s) beneath base path '/actuator'
2025-09-24T19:51:31.903+05:30  INFO 34868 --- [           main] t.o.PipelineOrchestratorApplicationTests : Started PipelineOrchestratorApplicationTests in 21.103 seconds (process running for 23.941)
]]></system-out>
  </testcase>
</testsuite>